gene	dn	ds
SAR0001	  0.00056962	  0.02234556
SAR0010	  0.00688526	  0.07474090
SAR0113	  0.00243721	  0.02693345
SAR1069	  0.00169834	  0.03209835
SAR1070	  0.00005429	  0.01652796
SAR1071	  0.00618359	  0.01020947
SAR1072	  0.00149319	  0.02982505
SAR1073	  0.00047626	  0.03780658
SAR1074	  0.00146746	  0.04655466
SAR1075	  0.00018818	  0.01150461
SAR1076	  0.00268133	  0.03931198
SAR1077	  0.00381188	  0.04412831
SAR1078	  0.00724474	  0.01776302
SAR0114	  0.04440528	  0.04450389
SAR1079	  0.00106174	  0.03507427
SAR1080	  0.00297593	  0.03147465
SAR1081	  0.01490739	  0.11175828
SAR1082	  0.00388492	  0.00483980
SAR1083	  0.00052020	  0.02402309
SAR1084	  0.00015038	  0.04718825
SAR1085	  0.00055119	  0.01629140
SAR1086	  0.00260447	  0.01117915
SAR1087	  0.00046647	  0.03263189
SAR1088	  0.00085297	  0.02622113
SAR0115	  0.00242927	  0.01486213
SAR1089	  0.00021865	  0.02846217
SAR1090	  0.00106696	  0.01046163
SAR1091	  0.00190024	  0.02817290
SAR1092	  0.00314098	  0.01649629
SAR1093	  0.00141521	  0.04647188
SAR1094	  0.00513509	  0.03753003
SAR1095	  0.00000000	  0.01432330
SAR1096	  0.00153793	  0.03081469
SAR1097	  0.00161519	  0.02679561
SAR1098	  0.00015261	  0.00523025
SAR0116	  0.00667652	  0.10100160
SAR1099	  0.00647973	  0.02717175
SAR1100	  0.00120687	  0.00735736
SAR1101	  0.00000000	  0.00196362
SAR1102	  0.00728967	  0.04406263
SAR1103	  0.01655246	  0.05575440
SAR1104	  0.00599545	  0.06009047
SAR1105	  0.00751916	  0.02887808
SAR1106	  0.00091081	  0.02125401
SAR1107	  0.00315090	  0.02417284
SAR1108	  0.00415581	  0.02367459
SAR0117	  0.00281358	  0.12219710
SAR1109	  0.00115625	  0.03340873
SAR1109a	  0.01579586	  0.03344275
SAR1110	  0.00215849	  0.03114825
SAR1111	  0.00048032	  0.02165448
SAR1112	  0.00385282	  0.04169420
SAR1113	  0.00818898	  0.06117666
SAR1114	  0.00203858	  0.01074820
SAR1115	  0.00428749	  0.00559496
SAR1116	  0.00228628	  0.01695095
SAR1117	  0.00209310	  0.03732740
SAR0118	  0.00129202	  0.01697394
SAR1118	  0.00039423	  0.02663077
SAR1119	  0.00207069	  0.05604077
SAR1120	  0.00020312	  0.01467853
SAR1121	  0.00074796	  0.03783268
SAR1122	  0.00248471	  0.05695027
SAR1123	  0.00168054	  0.04497189
SAR1124	  0.01069962	  0.07942798
SAR1125	  0.02955066	  0.13489033
SAR1126	  0.03670771	  0.06036146
SAR1127	  0.01001555	  0.05135311
SAR0119	  0.00041060	  0.00906664
SAR1129	  0.00282955	  0.10817572
SAR1130	  0.02106896	  0.15921346
SAR1138	  0.19925104	  0.22322702
SAR0120	  0.00086075	  0.03405057
SAR1141	  0.01267864	  0.11887187
SAR1142	  0.00125630	  0.03391914
SAR1143	  0.00202031	  0.02702088
SAR1144	  0.00114012	  0.03458298
SAR1146	  0.00680839	  0.03735596
SAR1147	  0.03363649	  0.19370800
SAR1148	  0.00045208	  0.00000000
SAR1150	  0.00018941	  0.03975884
SAR0121	  0.00642294	  0.02501974
SAR1151	  0.00378313	  0.02929162
SAR1152	  0.00016864	  0.02433987
SAR1153	  0.00561027	  0.02349370
SAR1154	  0.00000000	  0.00398850
SAR1155	  0.00061448	  0.02026396
SAR1156	  0.00030695	  0.00045780
SAR1157	  0.00095517	  0.02677514
SAR1158	  0.00088240	  0.02444770
SAR1159	  0.00136744	  0.03185567
SAR1160	  0.00760573	  0.02332947
SAR0122	  0.00276885	  0.03661624
SAR1161	  0.00068627	  0.01321900
SAR1162	  0.00004323	  0.01061585
SAR1163	  0.00421331	  0.02907513
SAR1164	  0.00125568	  0.00873528
SAR1165	  0.00025901	  0.00716567
SAR1166	  0.00338605	  0.01118553
SAR1167	  0.00422650	  0.01909675
SAR1168	  0.00017606	  0.00341791
SAR1169	  0.00222146	  0.05453090
SAR0011	  0.00442354	  0.02616153
SAR0123	  0.00371034	  0.03214369
SAR1171	  0.00284256	  0.02125168
SAR1172	  0.00141321	  0.00687116
SAR1173	  0.00269814	  0.02283641
SAR1174	  0.00014372	  0.02090203
SAR1175	  0.00081641	  0.02822255
SAR1176	  0.00045106	  0.02303074
SAR1177	  0.00088410	  0.02282595
SAR1178	  0.00067518	  0.01269930
SAR1179	  0.00084697	  0.02435974
SAR1180	  0.00229276	  0.02398868
SAR0124	  0.00616710	  0.03162936
SAR1181	  0.00113939	  0.01784013
SAR1182	  0.00457577	  0.01319152
SAR1183	  0.00094805	  0.02157083
SAR1184	  0.00210442	  0.02986972
SAR1185	  0.00156182	  0.01866608
SAR1186	  0.00023278	  0.01806351
SAR1187	  0.00054971	  0.02986077
SAR1188	  0.00219215	  0.02586771
SAR1189	  0.00335827	  0.02947075
SAR1190	  0.00710222	  0.04314235
SAR0125	  0.00209391	  0.02550648
SAR1191	  0.00354412	  0.01705527
SAR1192	  0.00187574	  0.03532086
SAR1193	  0.00240799	  0.04002209
SAR1194	  0.00074509	  0.01808930
SAR1195	  0.00251847	  0.01124882
SAR1196	  0.00136918	  0.03505569
SAR1197	  0.00412857	  0.02164143
SAR1198	  0.00076073	  0.02165024
SAR1199	  0.00242461	  0.01186151
SAR1200	  0.00000000	  0.00166905
SAR0126	  0.00623124	  0.03495990
SAR1201	  0.00077329	  0.00810241
SAR1202	  0.00187348	  0.01310421
SAR1203	  0.00226105	  0.03128516
SAR1204	  0.00063387	  0.01290806
SAR1205	  0.00239164	  0.02559619
SAR1206	  0.00372603	  0.04587317
SAR1207	  0.00040343	  0.00987714
SAR1208	  0.00010524	  0.00000000
SAR1209	  0.00013501	  0.01491779
SAR1210	  0.00254563	  0.02464758
SAR0127	  0.00028882	  0.01829161
SAR1211	  0.00223819	  0.01344762
SAR1212	  0.00179417	  0.01537448
SAR1213	  0.00096873	  0.02785149
SAR1214	  0.00009166	  0.00542158
SAR1215	  0.00181149	  0.02263083
SAR1216	  0.00163680	  0.03338466
SAR1217	  0.00057114	  0.00641904
SAR1218	  0.00683655	  0.03334869
SAR1219	  0.00310760	  0.06976664
SAR1220	  0.00566040	  0.05422593
SAR0128	  0.01548967	  0.01950130
SAR1221	  0.00075653	  0.01111442
SAR1222	  0.00201969	  0.03020826
SAR1225	  0.00475729	  0.01911595
SAR1226	  0.00047670	  0.02009307
SAR1227	  0.00139778	  0.03986051
SAR1228	  0.00276427	  0.02494002
SAR1229	  0.00052337	  0.01867112
SAR1230	  0.00073605	  0.03063005
SAR0129	  0.00043754	  0.03990662
SAR1231	  0.00033343	  0.03669723
SAR1232	  0.00012959	  0.00514484
SAR1233	  0.00044020	  0.00726239
SAR1234	  0.00020889	  0.00901217
SAR1235	  0.00058512	  0.02760849
SAR1236	  0.00090614	  0.01919554
SAR1237	  0.00067435	  0.02036875
SAR1238	  0.00196708	  0.04634861
SAR1239	  0.00211205	  0.04209994
SAR1240	  0.00107419	  0.04075586
SAR0130a	  0.02513166	  0.03064777
SAR1241	  0.00102020	  0.00597558
SAR1242	  0.00135696	  0.01594200
SAR1243	  0.00008662	  0.02554606
SAR1244	  0.00216541	  0.01564111
SAR1245	  0.00056796	  0.02025634
SAR1246	  0.00013866	  0.00109880
SAR1247	  0.00388895	  0.08535189
SAR1248	  0.00077975	  0.03007478
SAR1249	  0.00000000	  0.00000000
SAR1250	  0.00075560	  0.02538651
SAR0130	  0.00717560	  0.15675016
SAR1251	  0.00061455	  0.01837954
SAR1252	  0.00145726	  0.02164406
SAR1253	  0.00112434	  0.01551954
SAR1254	  0.00115976	  0.01937972
SAR1255	  0.00228297	  0.02862060
SAR1256	  0.00500886	  0.02009163
SAR1257	  0.00017603	  0.02456334
SAR1258	  0.00057172	  0.00973569
SAR1259	  0.00070982	  0.01827514
SAR1260	  0.00375798	  0.02509604
SAR0131	  0.01194702	  0.09467069
SAR1261	  0.00027446	  0.01186945
SAR1262	  0.00014441	  0.01621349
SAR1263	  0.00029132	  0.00491782
SAR1264	  0.00083349	  0.02052304
SAR1265	  0.00208178	  0.02560996
SAR1266	  0.00202315	  0.03058688
SAR1267	  0.00521591	  0.02792848
SAR1268	  0.00076053	  0.02997168
SAR1269	  0.00142263	  0.01291518
SAR1270	  0.00189401	  0.01614575
SAR0012	  0.00463018	  0.08390749
SAR0132	  0.00499582	  0.05572244
SAR1271	  0.00197000	  0.02758634
SAR1272	  0.00274162	  0.03085914
SAR1273	  0.00013579	  0.01329539
SAR1273a	  0.03514415	  0.06325624
SAR1274	  0.00103966	  0.01818511
SAR1275	  0.00175430	  0.02064870
SAR1276	  0.00232854	  0.03842842
SAR1277	  0.00510838	  0.03316502
SAR1278	  0.00677477	  0.04116444
SAR1279	  0.00619927	  0.00000000
SAR0133	  0.00297544	  0.06401048
SAR1280	  0.00122493	  0.04920279
SAR1281	  0.00227656	  0.02440064
SAR1282	  0.00401178	  0.03472871
SAR1283	  0.00109774	  0.01451470
SAR1284	  0.00067089	  0.09419143
SAR0134	  0.00719301	  0.06264935
SAR0135	  0.00015975	  0.02819342
SAR0137	  0.00114782	  0.03923651
SAR1326	  0.00196439	  0.04933526
SAR1327	  0.02073705	  0.20083079
SAR1328	  0.01071263	  0.21461950
SAR1329	  0.01943349	  0.09625252
SAR1333	  0.00286407	  0.03434122
SAR1334	  0.00118130	  0.02268245
SAR1335	  0.00186588	  0.02138568
SAR0138	  0.00127253	  0.02651547
SAR1336	  0.00120185	  0.03133048
SAR1337	  0.00056585	  0.02366727
SAR1338	  0.00132564	  0.01759151
SAR1339	  0.00182538	  0.02856390
SAR1340	  0.00679433	  0.04239765
SAR1341	  0.00403068	  0.05604215
SAR1342	  0.00126750	  0.03096333
SAR1343	  0.00252844	  0.03968222
SAR1344	  0.00120852	  0.03155235
SAR1345	  0.00000000	  0.00000000
SAR0139	  0.00082336	  0.03533597
SAR1346	  0.00201842	  0.00933056
SAR1347	  0.00232494	  0.04108298
SAR1348	  0.00593206	  0.04841913
SAR1349	  0.00149913	  0.02513748
SAR1350	  0.00724638	  0.00208820
SAR1351	  0.00010078	  0.01020415
SAR1352	  0.00145622	  0.02427685
SAR1353	  0.00000000	  0.00094174
SAR1355	  0.00391212	  0.00654748
SAR1356	  0.00460082	  0.03084521
SAR0140	  0.01767765	  0.04567730
SAR1357	  0.00877541	  0.03109617
SAR1360	  0.00334131	  0.07936418
SAR1361	  0.00070686	  0.02402941
SAR1362	  0.00080962	  0.02235209
SAR1363	  0.00351091	  0.01472858
SAR1364	  0.00394406	  0.01489573
SAR1365	  0.00115304	  0.01998273
SAR1366	  0.00112066	  0.02592991
SAR0141	  0.00012644	  0.01882032
SAR1367	  0.00198567	  0.02099937
SAR1368	  0.00145954	  0.04765505
SAR1369	  0.00202071	  0.03223204
SAR1370	  0.00026078	  0.00000000
SAR1371	  0.00046698	  0.04055078
SAR1372	  0.01081276	  0.17089066
SAR1373	  0.00054104	  0.02652100
SAR1374	  0.00065797	  0.01778886
SAR1375	  0.19925104	  0.22322702
SAR1376	  0.00504924	  0.01288109
SAR0013	  0.00396358	  0.01784729
SAR0142	  0.00262268	  0.02030937
SAR1377	  0.00204131	  0.03364637
SAR1378	  0.00429987	  0.03259738
SAR1379	  0.00225985	  0.01981709
SAR1380	  0.00639326	  0.06941253
SAR1381	  0.00790932	  0.07096508
SAR1383	  0.01178006	  0.08351654
SAR1384	  0.00983575	  0.03656156
SAR1385	  0.00229747	  0.03820737
SAR1386	  0.00997400	  0.07809232
SAR1387	  0.00078298	  0.03253324
SAR0143	  0.00124693	  0.02166206
SAR1388	  0.00029401	  0.03053875
SAR1391	  0.00440015	  0.00623713
SAR1393	  0.01080422	  0.03292844
SAR1394	  0.00589726	  0.04050611
SAR1396	  0.00105135	  0.05473417
SAR1397	  0.00010077	  0.00018128
SAR1398	  0.00375130	  0.08484108
SAR1399	  0.00466775	  0.07064934
SAR0144	  0.00192508	  0.04409207
SAR1400	  0.00235584	  0.04625328
SAR1401	  0.00078579	  0.03762081
SAR1402	  0.00076259	  0.02015373
SAR1403	  0.00278307	  0.04296340
SAR1404	  0.00061325	  0.07000567
SAR1405	  0.00322864	  0.02105809
SAR1406	  0.00385246	  0.05336145
SAR1407	  0.00731720	  0.05384122
SAR1408	  0.00654686	  0.09613763
SAR1409	  0.00170276	  0.05236214
SAR0145	  0.00076215	  0.02306550
SAR1410	  0.00280737	  0.02762016
SAR1411	  0.00325936	  0.02326711
SAR1412	  0.00177978	  0.02108613
SAR1413	  0.01681074	  0.12046528
SAR1414	  0.00000000	  0.00804982
SAR1415	  0.00000000	  0.00968999
SAR1416	  0.00123396	  0.01074319
SAR1417	  0.00132648	  0.01980341
SAR1418	  0.00181318	  0.02128119
SAR1419	  0.00337902	  0.02692408
SAR0146	  0.00536970	  0.03666964
SAR1420	  0.00255546	  0.02159916
SAR1421	  0.00006410	  0.04412275
SAR1422	  0.00184646	  0.07946649
SAR1423	  0.00501140	  0.03524642
SAR1424	  0.00501306	  0.02874832
SAR1425	  0.00081281	  0.03559933
SAR1426	  0.00085768	  0.04442166
SAR1427	  0.00015124	  0.03503696
SAR1428	  0.00367986	  0.00000000
SAR1429	  0.00279532	  0.02276452
SAR0147	  0.00874928	  0.03529132
SAR1430	  0.00219294	  0.02697192
SAR1431	  0.00212905	  0.02335007
SAR1432	  0.00445860	  0.04294261
SAR1434	  0.00022450	  0.02524857
SAR1435	  0.00236280	  0.06265479
SAR1436	  0.00156784	  0.06058879
SAR1437	  0.00247154	  0.02127495
SAR1438	  0.00321452	  0.02474913
SAR1439	  0.00163758	  0.02966702
SAR1440	  0.00077456	  0.05413567
SAR1441	  0.00541504	  0.03089533
SAR1442	  0.00965351	  0.05448534
SAR1443	  0.00328388	  0.01351270
SAR1444	  0.00455368	  0.00048444
SAR1445	  0.00142225	  0.04382704
SAR1446	  0.02039233	  0.20343960
SAR1447	  0.24923619	  0.30344496
SAR1448	  0.00410933	  0.04153617
SAR1449	  0.00099263	  0.10903558
SAR1450	  0.00685256	  0.15126817
SAR1451	  0.00184608	  0.03202537
SAR1452	  0.00331970	  0.05971701
SAR1453	  0.00620313	  0.04178813
SAR1455	  0.00411869	  0.04439121
SAR1456	  0.00115468	  0.03763862
SAR1457	  0.00007157	  0.01786135
SAR1458	  0.00161414	  0.01721095
SAR1459	  0.00762229	  0.04447203
SAR1459a	  0.01075987	  0.00499845
SAR1460	  0.00227643	  0.01083171
SAR1461	  0.00024691	  0.00029971
SAR1462	  0.00645307	  0.02193265
SAR1463	  0.00100672	  0.01775830
SAR1464	  0.00255410	  0.02865887
SAR1465	  0.00117612	  0.03410965
SAR1466	  0.00081484	  0.02165426
SAR1467	  0.00253587	  0.03058894
SAR1468	  0.00619409	  0.03010144
SAR1469	  0.00248567	  0.02948725
SAR0151	  0.00191474	  0.03646514
SAR1470	  0.00359313	  0.00837009
SAR1471	  0.00024673	  0.01440913
SAR1472	  0.00900971	  0.05839699
SAR1473	  0.00363697	  0.02246645
SAR1474	  0.00192133	  0.02762225
SAR1475	  0.00539039	  0.06557198
SAR1476	  0.02037058	  0.13924109
SAR1477	  0.00533516	  0.10629339
SAR1478	  0.00133927	  0.02633189
SAR1479	  0.00342531	  0.05272580
SAR0014	  0.00123846	  0.03813926
SAR0152	  0.00000000	  0.00000000
SAR1480	  0.00255292	  0.03572608
SAR1481	  0.00152309	  0.01484176
SAR1482	  0.00000000	  0.00000000
SAR1483	  0.00364933	  0.03713075
SAR1484	  0.00036007	  0.03510645
SAR1485	  0.00220492	  0.01359778
SAR1486	  0.00212389	  0.02606381
SAR1487	  0.00336220	  0.02260262
SAR1488	  0.00049690	  0.03321581
SAR1489	  0.01533670	  0.03290823
SAR0153	  0.00264558	  0.01794252
SAR1490	  0.00425572	  0.04840639
SAR1491	  0.00684737	  0.05373953
SAR1492	  0.00300513	  0.03397888
SAR1493	  0.00219892	  0.03891217
SAR1494	  0.03397188	  0.12382332
SAR1495	  0.07240041	  0.22642249
SAR0154	  0.00383857	  0.04696902
SAR0155	  0.00094898	  0.04181754
SAR0156	  0.00504293	  0.04366274
SAR0157	  0.00130031	  0.02496866
SAR1567	  0.00153667	  0.04012451
SAR1568	  0.00033864	  0.02018443
SAR1569	  0.00055501	  0.04983434
SAR1570	  0.00856663	  0.06409258
SAR1571	  0.00274986	  0.02131178
SAR1572	  0.00605886	  0.03096013
SAR1573	  0.00055320	  0.03818808
SAR1574	  0.00016662	  0.01107392
SAR1575	  0.00332458	  0.02816628
SAR1576	  0.00420766	  0.01883747
SAR1577	  0.01257949	  0.02115002
SAR1578	  0.00609303	  0.03322351
SAR1579	  0.00065490	  0.02927532
SAR1581	  0.00240659	  0.02462306
SAR1582	  0.00025021	  0.02485118
SAR1583	  0.00062799	  0.00703407
SAR1584	  0.00265099	  0.03518423
SAR1585	  0.00905326	  0.05567192
SAR0015	  0.00085192	  0.03287053
SAR0162	  0.00431450	  0.02652587
SAR1586	  0.00754833	  0.04080084
SAR1589	  0.00005298	  0.02830235
SAR1590	  0.00484748	  0.02444934
SAR1591	  0.00159522	  0.01347545
SAR1592	  0.00157446	  0.00503742
SAR1593	  0.00601704	  0.05988141
SAR1594	  0.00284710	  0.09136295
SAR1595	  0.00269019	  0.02964272
SAR1596	  0.00171525	  0.02213017
SAR0163	  0.00234475	  0.02565189
SAR1597	  0.00144439	  0.03459353
SAR1598	  0.00000000	  0.01034096
SAR1599	  0.00301369	  0.02796511
SAR1600	  0.00226247	  0.01597434
SAR1601	  0.00036267	  0.02012924
SAR1602	  0.00139744	  0.01589104
SAR1603	  0.00006882	  0.00121288
SAR1604	  0.00080564	  0.02225297
SAR1605	  0.00316441	  0.02994098
SAR1606	  0.00013526	  0.01306534
SAR0164	  0.00575685	  0.03963903
SAR1607	  0.00258327	  0.05730782
SAR1608	  0.00057839	  0.01408038
SAR1609	  0.00227012	  0.06396948
SAR1610	  0.00221782	  0.02853959
SAR1611	  0.00000000	  0.00878055
SAR1612	  0.00162537	  0.03448340
SAR1613	  0.00189156	  0.02350042
SAR1614	  0.00192536	  0.01615243
SAR1615	  0.00353815	  0.01535519
SAR1616	  0.00885422	  0.02672834
SAR0165	  0.00458699	  0.02668845
SAR1617	  0.00077854	  0.02665701
SAR1618	  0.00416808	  0.03158590
SAR1619	  0.00313319	  0.01557264
SAR1620	  0.00332465	  0.02729476
SAR1621	  0.00169568	  0.01862740
SAR1622	  0.00131306	  0.02450553
SAR1623	  0.00015130	  0.03062941
SAR1624	  0.00098670	  0.01716377
SAR1625	  0.00186520	  0.00465921
SAR1626	  0.00102153	  0.01746133
SAR0166	  0.00415755	  0.02304472
SAR1627	  0.00357207	  0.03238240
SAR1628	  0.00033192	  0.00064374
SAR1629	  0.00180034	  0.03253879
SAR1630	  0.00012374	  0.00998077
SAR1631	  0.00108062	  0.02885370
SAR1632	  0.00055589	  0.01076611
SAR1633	  0.00040693	  0.01914731
SAR1634	  0.00185967	  0.02173117
SAR1635	  0.00146978	  0.02478972
SAR1636	  0.00595118	  0.02129792
SAR0167	  0.00200578	  0.02008731
SAR1637	  0.00619612	  0.03185557
SAR1638	  0.00008913	  0.01838497
SAR1639	  0.00257926	  0.04726481
SAR1640	  0.00034824	  0.04453885
SAR1642	  0.00026484	  0.01728905
SAR1643	  0.00276981	  0.03328263
SAR1644	  0.00027416	  0.02933547
SAR1645	  0.00240490	  0.00760370
SAR1646	  0.00067050	  0.02380435
SAR1647	  0.00296198	  0.01039818
SAR0168	  0.00336035	  0.00978207
SAR1648	  0.00070581	  0.01125808
SAR1649	  0.00134654	  0.01281350
SAR1650	  0.00040310	  0.02789521
SAR1651	  0.00021515	  0.00749242
SAR1652	  0.00000000	  0.00151629
SAR1653	  0.00062953	  0.02691065
SAR1654	  0.00258903	  0.02504731
SAR1655	  0.00350848	  0.02743250
SAR1656	  0.00086237	  0.02947581
SAR1657	  0.00031893	  0.02064625
SAR0169	  0.00154405	  0.03777020
SAR1658	  0.00134657	  0.00881325
SAR1659	  0.00217844	  0.02199153
SAR1660	  0.00482243	  0.04058149
SAR1662	  0.00038198	  0.03810875
SAR1663	  0.00009907	  0.00305772
SAR1664	  0.00139997	  0.01955283
SAR1665	  0.00391285	  0.03070018
SAR1666	  0.00081736	  0.00849429
SAR1667	  0.01219706	  0.02185058
SAR1668	  0.00362738	  0.02093577
SAR0170	  0.00275054	  0.07363745
SAR1669	  0.00125336	  0.01794921
SAR1670	  0.00194229	  0.03028057
SAR1671	  0.00659604	  0.02930103
SAR1672	  0.00463104	  0.02944835
SAR1673	  0.00356970	  0.02891880
SAR1674	  0.00341863	  0.02268066
SAR1675	  0.00036312	  0.04268437
SAR1676	  0.00271108	  0.01518502
SAR1677	  0.00129578	  0.02245287
SAR1680	  0.04166243	  0.03074062
SAR0171	  0.01276411	  0.03847983
SAR1683	  0.00243275	  0.05985417
SAR1684	  0.00308594	  0.01356645
SAR1685	  0.00367547	  0.01927691
SAR1686	  0.00628197	  0.03019822
SAR1687	  0.00625977	  0.02966780
SAR1688	  0.00454053	  0.02691984
SAR1689	  0.00020094	  0.01325677
SAR1690	  0.00015811	  0.01068837
SAR1691	  0.00005862	  0.02084132
SAR1692	  0.00044225	  0.01810889
SAR0016	  0.00073356	  0.04522283
SAR0172	  0.00299827	  0.01975666
SAR1693	  0.00194693	  0.01849176
SAR1694	  0.00000000	  0.00623440
SAR1695	  0.00045613	  0.00438234
SAR1696	  0.00009644	  0.02360673
SAR1697	  0.00154994	  0.01775527
SAR1698	  0.00247279	  0.03072354
SAR1699	  0.00493703	  0.04084972
SAR1701	  0.00084198	  0.03262846
SAR1702	  0.00137792	  0.02105294
SAR1703	  0.00319865	  0.03749152
SAR0173	  0.00397123	  0.06471710
SAR1705	  0.00192203	  0.02328961
SAR1706	  0.00018072	  0.00992120
SAR1707	  0.00132733	  0.03606104
SAR1708	  0.00115419	  0.02821226
SAR1709	  0.00000000	  0.00082628
SAR1710	  0.00086056	  0.03259860
SAR1711	  0.00039678	  0.01837269
SAR1713	  0.00284647	  0.02518223
SAR1714	  0.00039556	  0.02511667
SAR0174	  0.00538847	  0.03975195
SAR1715	  0.00111494	  0.00918129
SAR1716	  0.00380468	  0.02563314
SAR1717	  0.00090018	  0.01920775
SAR1718	  0.00009764	  0.01609469
SAR1719	  0.00017304	  0.01682725
SAR1720	  0.00256148	  0.02321342
SAR1721	  0.00118044	  0.02677799
SAR1722	  0.00170744	  0.01320454
SAR1723	  0.00088597	  0.01153831
SAR1724	  0.00073407	  0.02644804
SAR0175	  0.00448537	  0.02937614
SAR1725	  0.00000000	  0.00058252
SAR1726	  0.00045739	  0.00617158
SAR1727	  0.00111968	  0.00698481
SAR1728	  0.00379167	  0.02469651
SAR1729	  0.00116664	  0.01949154
SAR1729a	  0.00763853	  0.00000000
SAR1730	  0.00240982	  0.01757570
SAR1731	  0.00047242	  0.04726554
SAR1732	  0.00667455	  0.05970233
SAR0176	  0.00313681	  0.07519355
SAR1741	  0.00694294	  0.03117596
SAR1742	  0.00187632	  0.02200822
SAR1743	  0.00180820	  0.02608975
SAR1744	  0.00617253	  0.03328863
SAR1747	  0.00106079	  0.03095055
SAR1748	  0.00064394	  0.03973604
SAR1749	  0.00467560	  0.00904461
SAR1750	  0.00184037	  0.02846059
SAR1751	  0.00011332	  0.00000000
SAR1752	  0.00183836	  0.01765802
SAR1753	  0.00156313	  0.02326734
SAR1754	  0.00068782	  0.02084242
SAR1755	  0.00069152	  0.02920216
SAR1756	  0.00529475	  0.03520209
SAR1757	  0.00174769	  0.02471316
SAR1758	  0.00007065	  0.01573223
SAR1759	  0.00000000	  0.01169547
SAR1760	  0.00138064	  0.01479054
SAR1761	  0.00165763	  0.05310863
SAR1762	  0.00049109	  0.02828525
SAR1763	  0.00036137	  0.01027086
SAR1764	  0.00358172	  0.02736133
SAR1765	  0.00005305	  0.01475982
SAR1766	  0.00171029	  0.03176582
SAR1767	  0.00132571	  0.02386806
SAR1768	  0.00021076	  0.00000000
SAR1769	  0.00244999	  0.02226868
SAR1770	  0.00374140	  0.02121751
SAR1771	  0.00337979	  0.02928218
SAR1772	  0.00000000	  0.00131008
SAR1773	  0.00179218	  0.03202064
SAR1774	  0.00091027	  0.04091837
SAR1775	  0.00572863	  0.21575288
SAR1776	  0.00126214	  0.02318030
SAR1777	  0.00059240	  0.01376547
SAR1778	  0.00127843	  0.04256084
SAR1779	  0.00107388	  0.02172237
SAR1780	  0.00080676	  0.03194628
SAR1781	  0.01007974	  0.08224537
SAR1782	  0.00409262	  0.05235917
SAR1783	  0.00092650	  0.03038822
SAR1784	  0.00030316	  0.00397289
SAR1785	  0.00111335	  0.02050296
SAR1786	  0.00379799	  0.03037881
SAR0181	  0.00212323	  0.02433864
SAR1787	  0.00172287	  0.04034572
SAR1788	  0.00000000	  0.01731634
SAR1789	  0.00332313	  0.09169760
SAR1790	  0.00468215	  0.03487987
SAR1791	  0.00221972	  0.01083237
SAR1792	  0.00851956	  0.05282292
SAR1793	  0.00619651	  0.05213149
SAR1794	  0.00348179	  0.03385037
SAR1795	  0.00064732	  0.02552307
SAR1796	  0.00744489	  0.07130165
SAR0017	  0.00000000	  0.00290116
SAR0182	  0.00518972	  0.05545557
SAR1797	  0.00185521	  0.00423020
SAR1798	  0.00233547	  0.01155476
SAR1799	  0.00709571	  0.02765599
SAR1800	  0.00167410	  0.03103545
SAR1801	  0.00133571	  0.02756607
SAR1802	  0.00561989	  0.01516660
SAR1803	  0.00372483	  0.03035947
SAR1804	  0.00099294	  0.02289069
SAR1805	  0.00095643	  0.03930530
SAR1806	  0.00310147	  0.05279280
SAR0183	  0.00203169	  0.00958640
SAR1807	  0.00291999	  0.02766916
SAR1809a	  0.01346819	  0.03278418
SAR1810	  0.00143856	  0.04525891
SAR1811	  0.00180336	  0.03039787
SAR1812	  0.00957713	  0.02378560
SAR1813	  0.00452520	  0.03227103
SAR1814	  0.00369631	  0.07600095
SAR1815	  0.00111146	  0.07490386
SAR1816	  0.02199210	  0.08827370
SAR1817	  0.00072247	  0.00959760
SAR0184	  0.01051836	  0.08519851
SAR1818	  0.00119957	  0.01736499
SAR1819	  0.00960866	  0.02347053
SAR1820	  0.00005239	  0.00000000
SAR1821	  0.00106012	  0.02402910
SAR1822	  0.00023896	  0.02136529
SAR1823	  0.00118161	  0.04002764
SAR1824	  0.00178421	  0.00384573
SAR1825	  0.00299678	  0.04152080
SAR0185	  0.00436955	  0.05379915
SAR1833	  0.00315653	  0.00782681
SAR1834	  0.00083474	  0.04251077
SAR1835	  0.00124291	  0.03617526
SAR1836	  0.00184555	  0.02870729
SAR1837	  0.00935632	  0.07811260
SAR0186	  0.00655827	  0.05645716
SAR1838	  0.00809424	  0.03809871
SAR1839	  0.00251969	  0.12757545
SAR1840	  0.00888475	  0.08973279
SAR1842	  0.01030486	  0.08199001
SAR1843	  0.00174697	  0.05686574
SAR1844	  0.00105154	  0.03077840
SAR1845	  0.00110542	  0.04945306
SAR1846	  0.00921727	  0.06494471
SAR1847	  0.00294454	  0.02697768
SAR0187	  0.00169167	  0.04316776
SAR1848	  0.00130811	  0.01718237
SAR1849	  0.00257627	  0.02399101
SAR1850	  0.00393713	  0.03779817
SAR1851	  0.00268082	  0.02882076
SAR1852	  0.00381588	  0.03726657
SAR1853	  0.00459715	  0.02370621
SAR1854	  0.00484491	  0.03221455
SAR1855	  0.01133158	  0.03697796
SAR1856	  0.01431003	  0.07475067
SAR1857	  0.00051530	  0.02702694
SAR0188	  0.02188049	  0.13567101
SAR1858	  0.00000000	  0.02808640
SAR1859	  0.00299193	  0.01616066
SAR1861	  0.00840312	  0.02968943
SAR1864	  0.00023865	  0.02463040
SAR1865	  0.00460949	  0.04925734
SAR1866	  0.00392943	  0.01840491
SAR1867	  0.00832871	  0.05613069
SAR0189	  0.00775487	  0.04756990
SAR1868	  0.00392569	  0.03057909
SAR1869	  0.00299007	  0.04138086
SAR1870	  0.00104971	  0.03489996
SAR1871	  0.00084839	  0.04029415
SAR1873	  0.01028594	  0.10916186
SAR1874	  0.00411587	  0.02754721
SAR1875	  0.00269218	  0.03548675
SAR1876	  0.01126001	  0.05553908
SAR1877	  0.00865721	  0.05245968
SAR1878	  0.01580192	  0.03694341
SAR0190	  0.00345999	  0.04701981
SAR1879	  0.02245076	  0.04440631
SAR0191	  0.00262521	  0.02096164
SAR1892	  0.04993457	  0.08939449
SAR1898	  0.01878483	  0.10857705
SAR1899	  0.00669105	  0.12982141
SAR0018	  0.00007087	  0.03259094
SAR0192	  0.00087485	  0.02049014
SAR0193	  0.00131077	  0.03098141
SAR1922	  0.00301546	  0.09402680
SAR1923	  0.00434747	  0.04531053
SAR1924	  0.00179844	  0.03018972
SAR1925	  0.00155226	  0.03175465
SAR1926	  0.03193563	  0.21984585
SAR1927	  0.00613896	  0.04506216
SAR1928	  0.00090760	  0.03068755
SAR1929	  0.00183944	  0.02358527
SAR0194	  0.00029255	  0.01352865
SAR1930	  0.00022788	  0.03537601
SAR1931	  0.00097227	  0.01747208
SAR1932	  0.00126915	  0.02360258
SAR1933	  0.00055891	  0.01682252
SAR1934	  0.00143768	  0.02698431
SAR1935	  0.00042032	  0.02378954
SAR1936	  0.00013837	  0.00244611
SAR1937	  0.00672956	  0.03068285
SAR1938	  0.00010642	  0.00434217
SAR1939	  0.00251228	  0.04624346
SAR1940	  0.00155369	  0.03183514
SAR1941	  0.00219004	  0.02892065
SAR1942	  0.00296850	  0.04702506
SAR1943	  0.00365616	  0.02326999
SAR1944	  0.00329264	  0.06922271
SAR1945	  0.00142823	  0.02257565
SAR1946	  0.00054998	  0.01916317
SAR1947	  0.00206756	  0.03031263
SAR1948	  0.00013486	  0.02608051
SAR1949	  0.00266163	  0.01924430
SAR0196	  0.00118450	  0.03558528
SAR1950	  0.00170803	  0.02342374
SAR1951	  0.00043037	  0.00577305
SAR1952	  0.00712458	  0.03092998
SAR1953	  0.00296976	  0.03374963
SAR1954	  0.00161135	  0.03109370
SAR1955	  0.00066173	  0.01711412
SAR1956	  0.00090518	  0.02493689
SAR1957	  0.00122797	  0.02809153
SAR1958	  0.00423246	  0.03698556
SAR1959	  0.00348295	  0.01334456
SAR1960	  0.00592213	  0.02249197
SAR1961	  0.00251080	  0.02846450
SAR1962	  0.00030852	  0.03043966
SAR1963	  0.00107971	  0.02457775
SAR1964	  0.00052127	  0.01625148
SAR1965	  0.00155109	  0.03456047
SAR1966	  0.00000000	  0.01207848
SAR1967	  0.00340153	  0.01354788
SAR1968	  0.00068400	  0.02795424
SAR1969	  0.00183372	  0.03599443
SAR0198	  0.00338250	  0.04480094
SAR1970	  0.00158720	  0.00313662
SAR1971	  0.00509191	  0.06127616
SAR1972	  0.00027106	  0.01573491
SAR1973	  0.00175424	  0.02652362
SAR1974	  0.00141375	  0.01392657
SAR1975	  0.00031898	  0.03132624
SAR1976	  0.00035568	  0.02406839
SAR1977	  0.00344642	  0.00810639
SAR1978	  0.00046334	  0.03071396
SAR1980	  0.00171448	  0.04222390
SAR0199	  0.00468642	  0.02725615
SAR1981	  0.01792227	  0.05688878
SAR1982	  0.00302971	  0.02714138
SAR1983	  0.00267246	  0.01923335
SAR1984	  0.00274209	  0.02121152
SAR1985	  0.00102404	  0.01006525
SAR1986	  0.00156960	  0.02588051
SAR1987	  0.00196353	  0.01112609
SAR1988	  0.00288702	  0.01710500
SAR1989	  0.00097657	  0.00955438
SAR1991	  0.00039408	  0.02634212
SAR0200	  0.00452078	  0.02869950
SAR1992	  0.00118002	  0.01788441
SAR1993	  0.00024413	  0.00268263
SAR1994	  0.00251681	  0.04589357
SAR1995	  0.00061772	  0.02152313
SAR1996	  0.00139120	  0.04091828
SAR1997	  0.00042442	  0.02745727
SAR1998	  0.00400534	  0.01161308
SAR1999	  0.00008290	  0.00951463
SAR2000	  0.00061783	  0.02498139
SAR2001	  0.01002937	  0.02457679
SAR0201	  0.00153740	  0.02853837
SAR2002	  0.00073305	  0.00309568
SAR2003	  0.00825410	  0.06419970
SAR2004	  0.00029138	  0.01223122
SAR2005	  0.00507259	  0.09515596
SAR2006	  0.00228211	  0.04429095
SAR2007	  0.00360492	  0.01335920
SAR2008	  0.00410773	  0.02503184
SAR2009	  0.00183338	  0.04898703
SAR2010	  0.00527239	  0.03899024
SAR2011	  0.00000000	  0.01637263
SAR0019	  0.00030509	  0.03287917
SAR0202	  0.00300484	  0.01214975
SAR2012	  0.00000000	  0.01859038
SAR2013	  0.00151287	  0.02442477
SAR2014	  0.00178754	  0.02293156
SAR2015	  0.00157296	  0.01248782
SAR2016	  0.00069267	  0.01444083
SAR2017	  0.00204570	  0.02607462
SAR2018	  0.00432445	  0.02138382
SAR2019	  0.00183193	  0.01036648
SAR2020	  0.00061628	  0.02504876
SAR2021	  0.00074438	  0.01473370
SAR0203	  0.00312057	  0.06054313
SAR2022	  0.00224710	  0.03786711
SAR2023	  0.00071185	  0.01901728
SAR2024	  0.00242347	  0.02606768
SAR2025	  0.00519070	  0.03734097
SAR2026	  0.00480871	  0.07453232
SAR2027	  0.01530328	  0.11270499
SAR2027a	  0.00000000	  0.02754407
SAR2028	  0.00765377	  0.05052399
SAR2029	  0.19925104	  0.22322702
SAR2030	  0.04401893	  0.14862076
SAR0204	  0.00336687	  0.02797135
SAR0205	  0.00119028	  0.03150348
SAR0206	  0.00136252	  0.03512224
SAR0207	  0.00120101	  0.04125337
SAR0208	  0.00045829	  0.02108469
SAR0209	  0.00467936	  0.04356543
SAR0210	  0.00432494	  0.07144381
SAR2111	  0.00348147	  0.04240311
SAR0211	  0.00180133	  0.03258226
SAR2116	  0.00239637	  0.09479268
SAR2117	  0.00027235	  0.06910370
SAR2118	  0.01647144	  0.13848012
SAR2119	  0.02455839	  0.12544781
SAR2120	  0.00188406	  0.02533640
SAR2121	  0.00507227	  0.02926549
SAR2122	  0.00120274	  0.00000000
SAR0002	  0.00025050	  0.02233808
SAR0020	  0.00254504	  0.06660116
SAR0212	  0.00106843	  0.00668801
SAR2123	  0.00161757	  0.02451187
SAR2125	  0.00096557	  0.00759306
SAR2126	  0.00092448	  0.06772912
SAR2127	  0.00625401	  0.03648190
SAR2128	  0.00385872	  0.03901457
SAR2129	  0.00278728	  0.03581115
SAR2130	  0.00613646	  0.13171036
SAR2131	  0.00519277	  0.03794377
SAR2132	  0.00563701	  0.03157966
SAR0213	  0.00031188	  0.03054907
SAR2133	  0.00047712	  0.00814692
SAR2134	  0.00227424	  0.02305456
SAR2135	  0.00484215	  0.02814303
SAR2136	  0.00312123	  0.02227110
SAR2137	  0.00210188	  0.02975570
SAR2138	  0.00592437	  0.01500424
SAR2139	  0.00392827	  0.03471351
SAR2140	  0.00095648	  0.02215678
SAR2141	  0.00222308	  0.02064782
SAR2143	  0.00066710	  0.02062585
SAR0214	  0.00119733	  0.02884834
SAR2144	  0.00185174	  0.01641327
SAR2145	  0.00265114	  0.03579075
SAR2146	  0.00152381	  0.04452638
SAR2147	  0.00565815	  0.16540278
SAR2148	  0.00398996	  0.11680835
SAR2150	  0.00973893	  0.07663624
SAR2151	  0.00311643	  0.04528727
SAR2152	  0.00110656	  0.03311903
SAR2153	  0.00190107	  0.01934129
SAR0215	  0.00176269	  0.02697225
SAR2154	  0.00007726	  0.00799543
SAR2155	  0.00039723	  0.01509718
SAR2156	  0.00164620	  0.03661090
SAR2157	  0.00120187	  0.00113101
SAR2158	  0.00210909	  0.02336088
SAR2159	  0.00500708	  0.05102535
SAR2160	  0.00978134	  0.04644828
SAR2161	  0.00136782	  0.00691180
SAR2162	  0.01896543	  0.04818690
SAR2163	  0.00833025	  0.03157050
SAR0216	  0.00444053	  0.03677029
SAR2164	  0.00111978	  0.00472279
SAR2165	  0.00552333	  0.02809289
SAR2166	  0.00416503	  0.02604135
SAR2167	  0.00162204	  0.02694894
SAR2168	  0.00102776	  0.03704996
SAR2169	  0.00453908	  0.03464930
SAR2170	  0.00243502	  0.01909809
SAR2171	  0.00058189	  0.02469640
SAR2173	  0.00018498	  0.00066853
SAR2174	  0.00680801	  0.03485813
SAR0217	  0.00004403	  0.01133519
SAR2177	  0.00134101	  0.03071544
SAR2178	  0.00650786	  0.01958202
SAR2179	  0.00013827	  0.01828354
SAR2180	  0.00463935	  0.03112454
SAR2181	  0.00732307	  0.01585975
SAR2182	  0.00441646	  0.01757795
SAR2183	  0.00810458	  0.04904470
SAR2183b	  0.03805268	  0.02275957
SAR2184	  0.00558744	  0.00826208
SAR2185	  0.00165768	  0.00719925
SAR0218	  0.00006586	  0.01045578
SAR2186	  0.00154790	  0.01405005
SAR2187	  0.00068887	  0.03748626
SAR2188	  0.00202701	  0.07720876
SAR2189	  0.00116298	  0.01991931
SAR2190	  0.00006254	  0.00477294
SAR2191	  0.00028736	  0.01027992
SAR2192	  0.00020047	  0.00531173
SAR2193	  0.00010138	  0.01260452
SAR2194	  0.00212286	  0.01466366
SAR2195	  0.00111672	  0.00385127
SAR0219	  0.01785582	  0.03201483
SAR2196	  0.00000000	  0.00000000
SAR2197	  0.00013747	  0.00877151
SAR2198	  0.00230255	  0.00512499
SAR2199	  0.00243890	  0.01934901
SAR2200	  0.00007975	  0.02112016
SAR2201	  0.00048941	  0.01206308
SAR2202	  0.00426621	  0.02118484
SAR2203	  0.00245377	  0.01937925
SAR2204	  0.00378652	  0.01974188
SAR2205	  0.00230652	  0.01308811
SAR0220	  0.00276314	  0.04332769
SAR2206	  0.00087721	  0.02144081
SAR2207	  0.00150093	  0.02386510
SAR2208	  0.00000000	  0.00000000
SAR2209	  0.00054308	  0.02284941
SAR2210	  0.00219719	  0.03023522
SAR2211	  0.00053169	  0.00280878
SAR2212	  0.00115590	  0.02960887
SAR2213	  0.00023377	  0.02959862
SAR2214	  0.00342169	  0.03145568
SAR2215	  0.00053884	  0.05155706
SAR0221	  0.01032084	  0.03375835
SAR2216	  0.00000000	  0.02631127
SAR2217	  0.00095393	  0.03940343
SAR2218	  0.00174330	  0.02042496
SAR2219	  0.00057920	  0.00619056
SAR2220	  0.00241472	  0.01482392
SAR2221	  0.00170666	  0.02964910
SAR2222	  0.00059473	  0.03673546
SAR2223	  0.00285537	  0.02134874
SAR2224	  0.00271372	  0.02843229
SAR2225	  0.01753571	  0.04730784
SAR0021	  0.00697792	  0.13093008
SAR0222	  0.07082174	  0.19526115
SAR2226	  0.00071304	  0.01553105
SAR2227	  0.00130240	  0.05749114
SAR2228	  0.00523201	  0.01698727
SAR2229	  0.00070576	  0.02290896
SAR2230	  0.00168322	  0.01381893
SAR2231	  0.00138377	  0.02099423
SAR2232	  0.00521361	  0.03180100
SAR2233	  0.00110120	  0.01405882
SAR2234	  0.00339415	  0.04570683
SAR2235	  0.00692475	  0.01988955
SAR0223	  0.00315035	  0.02784512
SAR2240	  0.01018375	  0.10178316
SAR2241	  0.01556085	  0.09156228
SAR2242	  0.00127732	  0.04905202
SAR2243	  0.00598246	  0.00612710
SAR2244	  0.00718263	  0.11660624
SAR2245	  0.00521360	  0.01985505
SAR2251	  0.19925104	  0.22322702
SAR0224	  0.00474599	  0.03002734
SAR2252	  0.00047190	  0.02738329
SAR2253	  0.00321568	  0.03277140
SAR2254	  0.00021663	  0.01931976
SAR2255	  0.00335483	  0.01296323
SAR2256	  0.00437705	  0.08014250
SAR2259	  0.00199315	  0.06071431
SAR2260	  0.00331780	  0.04823221
SAR2261	  0.00264722	  0.10250689
SAR2262	  0.00804463	  0.07782174
SAR2263	  0.00315486	  0.01429842
SAR0225	  0.00121726	  0.02257426
SAR2264	  0.00056085	  0.04220798
SAR2265	  0.00465247	  0.08429311
SAR2266	  0.00156372	  0.02818790
SAR2267	  0.00925514	  0.15724592
SAR2268	  0.00480424	  0.07702690
SAR2269	  0.00517150	  0.03115553
SAR2270	  0.00341238	  0.03641957
SAR2271	  0.00301864	  0.02382500
SAR2272	  0.00492710	  0.02998002
SAR2273	  0.00018853	  0.06885953
SAR0226	  0.00133285	  0.04753155
SAR2274	  0.00379295	  0.01747995
SAR2275	  0.00295947	  0.04976747
SAR2276	  0.00425542	  0.07455388
SAR2277	  0.00627695	  0.05406625
SAR2278	  0.00645837	  0.05281703
SAR2279	  0.00507464	  0.06196224
SAR2280	  0.00129942	  0.04224962
SAR2281	  0.00106560	  0.05254684
SAR2282	  0.00109835	  0.06271496
SAR2283	  0.00253172	  0.10288872
SAR0227	  0.00483616	  0.03814387
SAR2284	  0.00457109	  0.07439352
SAR2285	  0.00061241	  0.03553745
SAR2286	  0.00019900	  0.00971506
SAR2287	  0.00189345	  0.06370392
SAR2288	  0.00697705	  0.03210322
SAR2290	  0.00267519	  0.03158538
SAR2291	  0.00646026	  0.02509055
SAR2292	  0.00033728	  0.00128655
SAR2295	  0.01019198	  0.09204571
SAR2296	  0.00513992	  0.08174211
SAR2297	  0.00292826	  0.11123865
SAR2297b	  0.02212573	  0.05731936
SAR2300	  0.03754567	  0.00814978
SAR2301	  0.00065523	  0.00744457
SAR0229	  0.00503925	  0.06958555
SAR2302	  0.00000000	  0.00000000
SAR2303	  0.00474284	  0.04782722
SAR2304	  0.00323771	  0.03919207
SAR2305	  0.00662021	  0.02859363
SAR2308	  0.00006985	  0.00663744
SAR2309	  0.00000000	  0.00649606
SAR2310	  0.00000000	  0.00314846
SAR2311	  0.00007091	  0.00064783
SAR0230	  0.00415407	  0.03340071
SAR2312	  0.00000000	  0.00000000
SAR2313	  0.00000000	  0.00117350
SAR2314	  0.00003834	  0.00490694
SAR2315	  0.00028142	  0.01882621
SAR2316	  0.00011605	  0.00677153
SAR2317	  0.00028555	  0.00094719
SAR2318	  0.00015728	  0.00236727
SAR2319	  0.00061575	  0.00161234
SAR2320	  0.00000000	  0.00492775
SAR2321	  0.00000000	  0.00736421
SAR0231	  0.01856017	  0.07166062
SAR2322	  0.00000000	  0.00000000
SAR2323	  0.00023046	  0.00485708
SAR2324	  0.00023648	  0.00812857
SAR2325	  0.00000000	  0.00561061
SAR2326	  0.00000000	  0.00723186
SAR2327	  0.00000000	  0.00042365
SAR2328	  0.00000000	  0.00445297
SAR2329	  0.00007771	  0.00645513
SAR2330	  0.00067172	  0.00069365
SAR2331	  0.00017789	  0.00366888
SAR0022	  0.00042652	  0.04541391
SAR0232	  0.01272424	  0.13984705
SAR2332	  0.00009258	  0.00750571
SAR2333	  0.00009052	  0.01473802
SAR2334	  0.00147392	  0.01191432
SAR2335	  0.00026529	  0.01862436
SAR2336	  0.00000000	  0.02136941
SAR2337	  0.00181536	  0.02506837
SAR2338	  0.00043576	  0.02857892
SAR2339	  0.00185346	  0.02434280
SAR2340	  0.00316943	  0.03261076
SAR2341	  0.00070375	  0.01700668
SAR0233	  0.00879922	  0.07870436
SAR2342	  0.00454118	  0.02875778
SAR2343	  0.00442173	  0.03233900
SAR2344	  0.00386551	  0.07528345
SAR2345	  0.00196130	  0.02715420
SAR2346	  0.00222064	  0.03649197
SAR2347	  0.00686272	  0.00572780
SAR2348	  0.00215691	  0.02500177
SAR2349	  0.00451615	  0.05710960
SAR2350	  0.00337630	  0.02332245
SAR2351	  0.00118846	  0.01220052
SAR0234	  0.00180238	  0.00731253
SAR2352	  0.00185025	  0.02882241
SAR2353	  0.00273811	  0.01624935
SAR2354	  0.00427227	  0.02398497
SAR2355	  0.00093975	  0.01528169
SAR2356	  0.00655297	  0.02147833
SAR2357	  0.00239919	  0.03043704
SAR2358	  0.00713085	  0.01156306
SAR2359	  0.00821571	  0.08934881
SAR2360	  0.00442311	  0.04326780
SAR2361	  0.00227748	  0.03741354
SAR0235	  0.00165619	  0.02715316
SAR2362	  0.00274809	  0.01397853
SAR2363	  0.01376793	  0.08297022
SAR2364	  0.00410896	  0.06030239
SAR2365	  0.00011722	  0.00000000
SAR2366	  0.00238085	  0.02975199
SAR2367	  0.00268263	  0.03354486
SAR2368	  0.00136056	  0.02599375
SAR2369	  0.00562448	  0.03899539
SAR2370	  0.02587277	  0.03144798
SAR2371	  0.00719204	  0.08389815
SAR0236	  0.00503317	  0.03163454
SAR2375	  0.00127703	  0.03395006
SAR2376	  0.00293876	  0.01757735
SAR2377	  0.00073314	  0.02255209
SAR2378	  0.00052952	  0.01830133
SAR2379	  0.00000000	  0.00056971
SAR2380	  0.00518984	  0.02901125
SAR2381	  0.00512387	  0.02116940
SAR2382	  0.00555343	  0.02337409
SAR2383	  0.00116478	  0.02540763
SAR2384	  0.00809508	  0.02496016
SAR2385	  0.00533365	  0.04076970
SAR2386	  0.00165969	  0.03448070
SAR2387	  0.00584085	  0.03383943
SAR2388	  0.00350051	  0.04913722
SAR2389	  0.00199930	  0.02943434
SAR2390	  0.00232646	  0.02630549
SAR2391	  0.00336663	  0.02454273
SAR0240	  0.00402998	  0.08897878
SAR2391a	  0.00010183	  0.00469504
SAR2392	  0.01081875	  0.17526618
SAR2393	  0.00507337	  0.13997513
SAR2394	  0.00030796	  0.02522080
SAR2395	  0.00338019	  0.02567195
SAR2396	  0.00136831	  0.01986392
SAR2397	  0.00425592	  0.00605809
SAR2398	  0.00524335	  0.01074586
SAR2399	  0.00000000	  0.01871430
SAR2400	  0.00141033	  0.03513095
SAR0241	  0.00083587	  0.02219286
SAR2401	  0.00985919	  0.00045563
SAR2402	  0.00196457	  0.00341475
SAR2403	  0.00565335	  0.00382213
SAR2404	  0.00230353	  0.02039159
SAR2407	  0.00051268	  0.01359832
SAR2408	  0.00269660	  0.06455397
SAR2409	  0.00191535	  0.05916677
SAR2410	  0.00218581	  0.02516835
SAR2411	  0.00117061	  0.01004594
SAR2412	  0.00281187	  0.00486399
SAR0242	  0.00122272	  0.02004027
SAR2413	  0.00328430	  0.03288597
SAR2416	  0.00416429	  0.06066778
SAR2417	  0.00263250	  0.03736940
SAR2418	  0.00123683	  0.03174364
SAR2420	  0.00689329	  0.05690960
SAR2421	  0.00734809	  0.11395684
SAR2422	  0.00125564	  0.03776138
SAR2423	  0.00309363	  0.02233160
SAR2424	  0.00188636	  0.01993795
SAR0243	  0.00394623	  0.03640393
SAR2425	  0.00345887	  0.00897896
SAR2426	  0.00313962	  0.02589158
SAR2427	  0.00363047	  0.02600917
SAR2428	  0.01028817	  0.03383397
SAR2428a	  0.01437753	  0.00000000
SAR2428b	  0.01727535	  0.03923938
SAR2429	  0.00206751	  0.01927313
SAR2430	  0.00123591	  0.05686764
SAR2431	  0.00226277	  0.01409940
SAR2432	  0.00172828	  0.02287874
SAR0023	  0.01533957	  0.05788449
SAR0244	  0.00034221	  0.08250096
SAR2433	  0.00303446	  0.02315608
SAR2434	  0.00150217	  0.03133487
SAR2435	  0.00053290	  0.03294957
SAR2436	  0.00390900	  0.02063553
SAR2437	  0.01497344	  0.10709928
SAR2438	  0.00465468	  0.13870024
SAR2439	  0.00259803	  0.01938950
SAR2441	  0.00177562	  0.01746089
SAR2442	  0.00285637	  0.01934541
SAR2443	  0.00026624	  0.00824939
SAR0245	  0.00503087	  0.04745292
SAR2444	  0.00319164	  0.02289978
SAR2445	  0.00390913	  0.02993702
SAR2446	  0.00357592	  0.02501702
SAR2447	  0.00145901	  0.03002693
SAR2448	  0.00481289	  0.03555345
SAR2449	  0.00620160	  0.01573619
SAR2450	  0.01652738	  0.04842295
SAR0246	  0.00623351	  0.05045183
SAR2454	  0.00298741	  0.02961858
SAR2455	  0.00085477	  0.03248936
SAR2456	  0.00548891	  0.02687713
SAR2457	  0.01328328	  0.10158122
SAR2458	  0.00125795	  0.00685056
SAR2459	  0.00505859	  0.02481389
SAR2460	  0.01280721	  0.07142036
SAR2461	  0.00165232	  0.03026952
SAR2462	  0.00162454	  0.00562512
SAR2463	  0.00301720	  0.02343079
SAR0247	  0.00491439	  0.03298226
SAR2464	  0.00294871	  0.02083467
SAR2465	  0.00017761	  0.00839773
SAR2466	  0.00170537	  0.02717950
SAR2467	  0.00972222	  0.01889923
SAR2468	  0.00067243	  0.02994854
SAR2469	  0.01726384	  0.19460046
SAR2470	  0.00451426	  0.03366887
SAR2471	  0.19925104	  0.22322702
SAR2472	  0.00070764	  0.03263698
SAR2473	  0.00122848	  0.04240014
SAR0248	  0.00441675	  0.05863712
SAR2474	  0.00671716	  0.05213432
SAR2475	  0.01564620	  0.07217192
SAR2476	  0.00356571	  0.10534218
SAR2480	  0.00099747	  0.08051750
SAR2481	  0.00467512	  0.18010709
SAR2482	  0.00305248	  0.12473017
SAR2483	  0.00509527	  0.16198480
SAR2484	  0.00639222	  0.09785458
SAR2485	  0.00336855	  0.13971771
SAR0249	  0.06421142	  0.04729551
SAR2486	  0.00312948	  0.12643443
SAR2487	  0.00966364	  0.06341468
SAR2488	  0.00155682	  0.00963557
SAR2489	  0.00393845	  0.10834312
SAR2490	  0.00034905	  0.00351210
SAR2491	  0.01684098	  0.12831553
SAR2493	  0.01281516	  0.26224629
SAR2495	  0.00588581	  0.05992654
SAR2496	  0.00119025	  0.02632994
SAR0250	  0.01446291	  0.02324311
SAR2499	  0.00296446	  0.02573297
SAR2500	  0.00149972	  0.00128772
SAR2501	  0.00564846	  0.11770604
SAR2502	  0.01095852	  0.14572417
SAR2503	  0.00482687	  0.14346201
SAR2504	  0.00440326	  0.07147819
SAR2505	  0.00433421	  0.06440076
SAR2506	  0.00082292	  0.02290456
SAR0251	  0.00331596	  0.03246099
SAR2507	  0.00091369	  0.02686377
SAR2508	  0.00296622	  0.03443628
SAR2509	  0.00085942	  0.01731065
SAR2510	  0.00918219	  0.13162063
SAR2511	  0.00000000	  0.00000000
SAR2512	  0.00860377	  0.08260147
SAR2513	  0.00774917	  0.01849126
SAR2514	  0.00690297	  0.02930459
SAR2515	  0.00137627	  0.05769485
SAR2516	  0.00261941	  0.03131043
SAR0252	  0.00052338	  0.03706871
SAR2517	  0.00874505	  0.01625857
SAR2518	  0.00332973	  0.01332241
SAR2519	  0.00257673	  0.00958372
SAR2519a	  0.01550587	  0.00000000
SAR2520	  0.02337952	  0.02838878
SAR2521	  0.00857413	  0.04545482
SAR2522	  0.00159450	  0.01827435
SAR2523	  0.00119248	  0.03233573
SAR2524	  0.00529699	  0.05477068
SAR2525	  0.00542366	  0.02293509
SAR0253	  0.00055683	  0.02872346
SAR2526	  0.00164910	  0.02320836
SAR2527	  0.00763972	  0.03075825
SAR2528	  0.00058674	  0.02945825
SAR2529	  0.00195720	  0.03349383
SAR2530	  0.00128412	  0.02905641
SAR2531	  0.00662819	  0.02221420
SAR2532	  0.00396856	  0.04650383
SAR2533	  0.00321431	  0.02887152
SAR2534	  0.00163799	  0.02998273
SAR2535	  0.00056448	  0.01962317
SAR0024	  0.00129566	  0.07533495
SAR0254	  0.00026178	  0.01867519
SAR2536	  0.00482530	  0.05372081
SAR2537	  0.00223604	  0.04914998
SAR2538	  0.00648467	  0.06820957
SAR2539	  0.00562137	  0.05945099
SAR2540	  0.00248815	  0.02632144
SAR2541	  0.00671602	  0.03021509
SAR2542	  0.00198600	  0.03134787
SAR2543	  0.00359555	  0.03158424
SAR2544	  0.02776684	  0.31786828
SAR2545	  0.00327775	  0.04532728
SAR0255	  0.00412127	  0.05698727
SAR2546	  0.00272916	  0.01553476
SAR2547	  0.00282591	  0.04230803
SAR2548	  0.01051571	  0.03728754
SAR2549	  0.00174143	  0.03671199
SAR2550	  0.00189326	  0.03485094
SAR2551	  0.00884160	  0.09911702
SAR2552	  0.00062867	  0.02682959
SAR2553	  0.00175390	  0.02237525
SAR2554	  0.00139149	  0.04526658
SAR2555	  0.00887515	  0.06764387
SAR0256	  0.00802700	  0.13434265
SAR2556	  0.00166265	  0.01234135
SAR2557	  0.00501712	  0.02673026
SAR2559	  0.00711311	  0.06332105
SAR2560	  0.00275288	  0.05810531
SAR2561	  0.00144734	  0.01949616
SAR2563	  0.03276339	  0.13533290
SAR2566	  0.01786876	  0.11089493
SAR0257	  0.00068279	  0.01839882
SAR2567	  0.01067372	  0.08145204
SAR2569	  0.00028479	  0.01428152
SAR2576	  0.00571291	  0.04018627
SAR2577	  0.00123820	  0.01976982
SAR2578	  0.02038657	  0.06788210
SAR0258	  0.00273201	  0.02835777
SAR2579	  0.00117380	  0.05675333
SAR2580	  0.27491714	  0.37168824
SAR2581	  0.01981375	  0.03168648
SAR2582	  0.00119051	  0.04618046
SAR2583	  0.00578813	  0.06367458
SAR2584	  0.00080654	  0.04115383
SAR2585	  0.00127896	  0.00712745
SAR2586	  0.00194420	  0.03767045
SAR2587	  0.00665927	  0.01229486
SAR2588	  0.01038611	  0.10198279
SAR0259	  0.00046031	  0.00233181
SAR2589	  0.00036323	  0.02866395
SAR2590	  0.00079846	  0.04639915
SAR2594	  0.00462084	  0.05054192
SAR2595	  0.00175783	  0.02409776
SAR2596	  0.00161794	  0.05728449
SAR2597	  0.00221115	  0.04708578
SAR2598	  0.01231475	  0.06596308
SAR0260	  0.00003709	  0.01961164
SAR2599	  0.00521537	  0.07144787
SAR2600	  0.00238513	  0.04222674
SAR2601	  0.00781276	  0.06139892
SAR2602	  0.00290952	  0.02950393
SAR2605	  0.00171826	  0.01979790
SAR2607	  0.00706239	  0.06140290
SAR2608	  0.00260214	  0.03584356
SAR2609	  0.01501745	  0.11027742
SAR2610	  0.00037525	  0.02983539
SAR2611	  0.00286782	  0.01829130
SAR2612	  0.00033838	  0.01147218
SAR2613	  0.00228744	  0.01038469
SAR2614	  0.00206109	  0.01347433
SAR2615	  0.00487429	  0.05852606
SAR2616	  0.00000000	  0.01987416
SAR2617	  0.00125060	  0.02726110
SAR2618	  0.00122805	  0.02391965
SAR2619	  0.00230373	  0.10679321
SAR2620	  0.00133246	  0.06821903
SAR2621	  0.00342718	  0.03302499
SAR0262	  0.00482372	  0.06704123
SAR2622	  0.00024930	  0.04551051
SAR2623	  0.00075571	  0.00086824
SAR2624	  0.00511226	  0.03686331
SAR2625	  0.00245135	  0.04190843
SAR2626	  0.00254855	  0.03282533
SAR2627	  0.01093851	  0.05135467
SAR2628	  0.00013508	  0.00000000
SAR2629	  0.00779145	  0.10325253
SAR2630	  0.00342618	  0.03508673
SAR2631	  0.00010746	  0.00969571
SAR0263	  0.04437706	  0.15667961
SAR2632	  0.00627474	  0.13416276
SAR2634	  0.00047916	  0.03734847
SAR2635	  0.01239606	  0.08203123
SAR2636	  0.00170870	  0.08036158
SAR2637	  0.00277019	  0.03159609
SAR2639	  0.00321937	  0.00268913
SAR2640	  0.00263337	  0.01513238
SAR2641	  0.00637891	  0.03957903
SAR2642	  0.00762493	  0.06626818
SAR0264	  0.00365066	  0.03519152
SAR2645	  0.00826435	  0.02492855
SAR2646	  0.00536196	  0.02634903
SAR2647	  0.00925817	  0.04806857
SAR2648	  0.01766049	  0.12493620
SAR2649	  0.00259425	  0.04394092
SAR2650	  0.00319306	  0.01508464
SAR2651	  0.00559497	  0.11469025
SAR2652	  0.00238607	  0.04205643
SAR2653	  0.02824851	  0.02754248
SAR2654	  0.00231225	  0.08470406
SAR0265	  0.00402582	  0.04220574
SAR2655	  0.00190553	  0.04927592
SAR2656	  0.00479329	  0.01889412
SAR2657	  0.01218961	  0.07515256
SAR2658	  0.01170312	  0.06665986
SAR2659	  0.00141107	  0.01049490
SAR2660	  0.00327413	  0.03805334
SAR2661	  0.00365186	  0.02886004
SAR2662	  0.00959300	  0.06743669
SAR2663	  0.00270992	  0.03754223
SAR2664	  0.00435449	  0.02558039
SAR0266	  0.00346389	  0.02786239
SAR2665	  0.00802627	  0.02832405
SAR2666	  0.01707453	  0.05544542
SAR2667	  0.00789563	  0.05666591
SAR2668	  0.00391241	  0.02524848
SAR2669	  0.00164436	  0.03499756
SAR2670	  0.00505448	  0.03624942
SAR2671	  0.00071702	  0.02842165
SAR2672	  0.00517166	  0.02287317
SAR2674	  0.00507872	  0.03250716
SAR0267	  0.00109449	  0.04680605
SAR2675	  0.00177292	  0.02370535
SAR2676	  0.00268129	  0.01256646
SAR2677	  0.00206110	  0.01294955
SAR2678	  0.00407765	  0.02419775
SAR2679	  0.00175664	  0.03078226
SAR2680	  0.00028300	  0.04479601
SAR2681	  0.00150385	  0.02721110
SAR2682	  0.00404798	  0.02676738
SAR2683	  0.00955639	  0.02173118
SAR2684	  0.00508881	  0.07433626
SAR0268	  0.00164406	  0.03548597
SAR2685	  0.00016450	  0.02476071
SAR2686	  0.02645487	  0.06870029
SAR2687	  0.00141592	  0.03010091
SAR2688	  0.00771798	  0.02527059
SAR2689	  0.00011524	  0.01073668
SAR2690	  0.00102155	  0.04136560
SAR2691	  0.00155245	  0.02387967
SAR2692	  0.00370848	  0.02598500
SAR2693	  0.00004692	  0.02633458
SAR2694	  0.00325316	  0.02137498
SAR0269	  0.00327748	  0.03270927
SAR2695	  0.00103544	  0.02702068
SAR2696	  0.00601730	  0.08148002
SAR2697	  0.00401326	  0.02125831
SAR2698	  0.00275844	  0.02003298
SAR2699	  0.00173728	  0.02075275
SAR2700	  0.00515757	  0.03758716
SAR2701	  0.00321911	  0.03690139
SAR2702	  0.00327410	  0.03829553
SAR2703	  0.00238636	  0.01761593
SAR2704	  0.00867122	  0.03612423
SAR2706a	  0.00271149	  0.00000000
SAR2707	  0.00091897	  0.01268037
SAR2708	  0.00302752	  0.01988058
SAR2709	  0.02333183	  0.35977091
SAR2710	  0.00161302	  0.02342129
SAR2711	  0.00331178	  0.01390392
SAR2712	  0.00178103	  0.02981585
SAR2713	  0.00238996	  0.01616805
SAR2714	  0.00163879	  0.02576430
SAR2715	  0.00438153	  0.12006247
SAR2716	  0.01690900	  0.20351728
SAR2718	  0.02010775	  0.05051871
SAR2719	  0.00584412	  0.04549698
SAR2720	  0.00701779	  0.05590747
SAR2721	  0.00345261	  0.02891539
SAR2722	  0.00285206	  0.05616658
SAR2723	  0.00352892	  0.02436949
SAR2724	  0.00049642	  0.01173518
SAR0271	  0.00338039	  0.03928204
SAR2725	  0.01034511	  0.02057095
SAR2726	  0.00452047	  0.03001818
SAR2727	  0.00508610	  0.03407718
SAR2728	  0.00318642	  0.02788697
SAR2729	  0.01076559	  0.02902317
SAR2730	  0.00283123	  0.03526465
SAR2733	  0.00618349	  0.06197227
SAR2734	  0.03276414	  0.06016031
SAR2735	  0.00747297	  0.02644223
SAR2738	  0.01391917	  0.09232740
SAR0272	  0.00597984	  0.02146595
SAR2739	  0.00768621	  0.06552455
SAR2740	  0.01400601	  0.08785764
SAR2741	  0.00998083	  0.04547204
SAR2742	  0.00857976	  0.02892829
SAR2743	  0.00225788	  0.04217374
SAR2744	  0.00343460	  0.11293049
SAR2745	  0.00175181	  0.05746270
SAR2746	  0.00008625	  0.02980813
SAR2747	  0.00059581	  0.01748550
SAR2748	  0.00313385	  0.01693706
SAR0273	  0.00417529	  0.03427894
SAR2749	  0.00300396	  0.01635738
SAR2750	  0.00146618	  0.01030595
SAR2752	  0.08056577	  0.09989939
SAR2753	  0.00743878	  0.03939042
SAR2754	  0.00183695	  0.05814446
SAR2755	  0.00427201	  0.06155369
SAR2756	  0.00537791	  0.06599058
SAR2757	  0.00490354	  0.05454850
SAR2758	  0.00402130	  0.09157451
SAR2759	  0.01278190	  0.05338419
SAR0274	  0.00757306	  0.09100410
SAR2760	  0.00385375	  0.06414747
SAR2761	  0.00668863	  0.08316335
SAR2762	  0.00328299	  0.02287012
SAR2763	  0.00789558	  0.05201809
SAR2764	  0.01069421	  0.02219365
SAR2769	  0.00987943	  0.11359039
SAR0275	  0.00832099	  0.05418247
SAR2770	  0.01053459	  0.12124580
SAR2771	  0.00630886	  0.05751449
SAR2772	  0.01889258	  0.08829765
SAR2773	  0.01279766	  0.05028514
SAR2775	  0.00293069	  0.04792828
SAR2776	  0.00340418	  0.06515320
SAR2777	  0.02197309	  0.06700641
SAR2778	  0.00491546	  0.07932290
SAR2779	  0.00844664	  0.04627045
SAR0276	  0.00473917	  0.03059708
SAR2780	  0.00487480	  0.13809774
SAR2781	  0.00037945	  0.03291731
SAR2782	  0.01208010	  0.08283901
SAR2783	  0.02841507	  0.12653475
SAR2790	  0.00280699	  0.00083037
SAR2791	  0.04136329	  0.06291189
SAR2792	  0.00223445	  0.01362073
SAR0277	  0.00208340	  0.03468016
SAR2793	  0.00065125	  0.03371718
SAR2795	  0.00131209	  0.02557881
SAR2796	  0.00286860	  0.01621424
SAR2797	  0.00095700	  0.02199590
SAR2798	  0.00079691	  0.02672441
SAR2799	  0.00014225	  0.01256238
SAR2800	  0.00000000	  0.00185222
SAR0278	  0.00324276	  0.03170150
SAR0302	  0.00040423	  0.09453726
SAR0303	  0.00408501	  0.06660895
SAR0304	  0.00273660	  0.02278688
SAR0305	  0.00502523	  0.09031942
SAR0306	  0.00257445	  0.03294383
SAR0307	  0.00232619	  0.03516212
SAR0308	  0.00066548	  0.01050745
SAR0309	  0.00492388	  0.02632277
SAR0310	  0.00539800	  0.11225461
SAR0311	  0.00292461	  0.07626930
SAR0312	  0.00159113	  0.04663393
SAR0313	  0.00239458	  0.02732143
SAR0314	  0.00053082	  0.02637958
SAR0315	  0.00315237	  0.02690088
SAR0316	  0.00331728	  0.02906669
SAR0317	  0.00840065	  0.04908580
SAR0003	  0.00030415	  0.00311566
SAR0318	  0.01956302	  0.12100036
SAR0319	  0.00705421	  0.04401547
SAR0320	  0.00642023	  0.05438398
SAR0321	  0.00516376	  0.05502760
SAR0322	  0.00808244	  0.04113527
SAR0323	  0.01179316	  0.11148315
SAR0324	  0.00178311	  0.02200145
SAR0326	  0.00247860	  0.03372639
SAR0327	  0.00395650	  0.05332681
SAR0328	  0.01318599	  0.08466748
SAR0329	  0.00462738	  0.03437813
SAR0330	  0.00068464	  0.03810568
SAR0331	  0.00381187	  0.03382282
SAR0332	  0.00734798	  0.06052254
SAR0333	  0.00103720	  0.02832772
SAR0334	  0.00582218	  0.02852500
SAR0335	  0.00481667	  0.03616166
SAR0338	  0.00371607	  0.05692937
SAR0339	  0.00989114	  0.03895220
SAR0340	  0.00372366	  0.07301644
SAR0341	  0.00398791	  0.09499445
SAR0342	  0.01168452	  0.09664240
SAR0343	  0.00000000	  0.00223373
SAR0344	  0.00046873	  0.06410304
SAR0345	  0.01743605	  0.15259122
SAR0347	  0.00000000	  0.00000000
SAR0348	  0.01088786	  0.07695724
SAR0349	  0.00624781	  0.04936924
SAR0350	  0.00578968	  0.07980883
SAR0351	  0.00332637	  0.03127165
SAR0352	  0.00390514	  0.02411400
SAR0353	  0.00083392	  0.03212912
SAR0354	  0.00241323	  0.04479742
SAR0355	  0.00429180	  0.04305897
SAR0356	  0.00259830	  0.05900674
SAR0357	  0.00492807	  0.04237818
SAR0358	  0.01621271	  0.26156524
SAR0359	  0.00749967	  0.11015356
SAR0360	  0.00070167	  0.11765367
SAR0361	  0.00196340	  0.00917263
SAR0362	  0.00000000	  0.01432460
SAR0363	  0.00033099	  0.01476019
SAR0364	  0.00010698	  0.00162056
SAR0389	  0.00956176	  0.03304679
SAR0390	  0.00304485	  0.03154921
SAR0391	  0.00069946	  0.03861757
SAR0392	  0.01503854	  0.07413997
SAR0393	  0.02235157	  0.00994014
SAR0394	  0.00445823	  0.04989504
SAR0395	  0.02199895	  0.04917385
SAR0396	  0.00247606	  0.03372749
SAR0397	  0.01644660	  0.05123974
SAR0398	  0.00265490	  0.03649860
SAR0399	  0.00008658	  0.01136021
SAR0400	  0.00586105	  0.04626902
SAR0401	  0.00423682	  0.05273132
SAR0401a	  0.00350036	  0.01942343
SAR0402	  0.03627577	  0.01826887
SAR0403	  0.00892783	  0.02036316
SAR0404	  0.00148196	  0.03723633
SAR0405	  0.01148286	  0.05430113
SAR0406	  0.00266056	  0.02799184
SAR0407	  0.00095727	  0.02556710
SAR0408	  0.00005173	  0.05050527
SAR0409	  0.00084740	  0.06675033
SAR0418	  0.02618504	  0.04847555
SAR0420	  0.00883439	  0.06232964
SAR0421	  0.00608727	  0.05964217
SAR0422	  0.05380937	  0.13298903
SAR0004	  0.00077591	  0.01027063
SAR0427	  0.04152448	  0.20716601
SAR0428	  0.03930078	  0.11714672
SAR0433	  0.00676591	  0.12879145
SAR0434	  0.01301282	  0.05527368
SAR0435	  0.00025218	  0.00165472
SAR0437	  0.00379228	  0.05809768
SAR0439	  0.01410043	  0.10741045
SAR0444	  0.00740376	  0.17849945
SAR0445	  0.03451745	  0.26538060
SAR0447	  0.00908349	  0.06211694
SAR0448	  0.01086576	  0.11691120
SAR0449	  0.00527504	  0.08605069
SAR0450	  0.00319272	  0.06796771
SAR0452	  0.00751136	  0.05928970
SAR0453	  0.00638233	  0.04627132
SAR0454	  0.00195289	  0.03170074
SAR0455	  0.00477551	  0.03240367
SAR0456	  0.00333832	  0.04009111
SAR0457	  0.00464425	  0.03876091
SAR0458	  0.00057967	  0.03310403
SAR0459	  0.00600006	  0.02955296
SAR0460	  0.00313255	  0.04770093
SAR0461	  0.00563932	  0.05286924
SAR0462	  0.00098604	  0.00285355
SAR0463	  0.00367290	  0.07943682
SAR0464	  0.00018999	  0.01831193
SAR0465	  0.00039684	  0.01336836
SAR0466	  0.00780039	  0.02584091
SAR0467	  0.00674879	  0.02074265
SAR0468	  0.00157534	  0.01621669
SAR0469	  0.00242644	  0.04029546
SAR0470	  0.00482773	  0.06029462
SAR0471	  0.00224180	  0.03025758
SAR0472	  0.00382715	  0.09013257
SAR0473	  0.00613932	  0.12705244
SAR0474	  0.00000000	  0.00000000
SAR0475	  0.00234283	  0.03174920
SAR0476	  0.00275306	  0.04545186
SAR0477	  0.00178078	  0.05061013
SAR0478	  0.00000000	  0.00567437
SAR0479	  0.00191760	  0.02552935
SAR0482	  0.00509295	  0.02249360
SAR0483	  0.00081071	  0.03878430
SAR0484	  0.00000000	  0.00808476
SAR0485	  0.00267428	  0.00970141
SAR0486	  0.00277431	  0.02225405
SAR0487	  0.00184550	  0.00937549
SAR0488	  0.00268927	  0.03566782
SAR0489	  0.00059951	  0.00956107
SAR0490	  0.00177887	  0.02588021
SAR0491	  0.00151801	  0.02776531
SAR0492	  0.00060932	  0.02463997
SAR0494	  0.00171788	  0.03726594
SAR0495	  0.00018835	  0.00067467
SAR0496	  0.00231190	  0.01411263
SAR0497	  0.00015170	  0.00866519
SAR0498	  0.00767391	  0.02235298
SAR0499	  0.00166600	  0.00117871
SAR0500	  0.00216756	  0.02010934
SAR0501	  0.00005239	  0.01163581
SAR0502	  0.00011538	  0.00651209
SAR0503	  0.00037844	  0.01744717
SAR0504	  0.00158658	  0.02473293
SAR0505	  0.00303594	  0.02351259
SAR0506	  0.00516072	  0.01906974
SAR0507	  0.00106453	  0.01273256
SAR0508	  0.00012322	  0.01963668
SAR0509	  0.00030494	  0.01326372
SAR0510	  0.00412397	  0.03042057
SAR0511	  0.00027715	  0.00354311
SAR0512	  0.00032859	  0.01235053
SAR0513	  0.00092042	  0.01185772
SAR0514	  0.00044511	  0.02263904
SAR0515	  0.01679579	  0.13072909
SAR0516	  0.00194264	  0.02802574
SAR0517	  0.00705024	  0.01346800
SAR0518	  0.00039986	  0.01562909
SAR0521	  0.00125130	  0.04475106
SAR0522	  0.00014059	  0.02321770
SAR0523	  0.00046727	  0.01618854
SAR0524	  0.00020915	  0.02418476
SAR0525	  0.00049415	  0.02958607
SAR0526	  0.00147733	  0.01916004
SAR0527	  0.00061317	  0.01315196
SAR0528	  0.00033612	  0.02612035
SAR0005	  0.00069721	  0.01815165
SAR0529	  0.00122205	  0.01919468
SAR0530	  0.00123706	  0.04800169
SAR0531	  0.00122730	  0.01836671
SAR0532	  0.00027283	  0.00631112
SAR0533	  0.00232181	  0.04077620
SAR0534	  0.00269432	  0.01742071
SAR0535	  0.00068650	  0.03093028
SAR0536	  0.00222747	  0.01726887
SAR0537	  0.00465849	  0.02287158
SAR0538	  0.00380118	  0.01814979
SAR0539	  0.00077841	  0.00051551
SAR0540	  0.00022348	  0.01210098
SAR0542	  0.00067991	  0.00589323
SAR0543	  0.00000000	  0.00101758
SAR0544	  0.00104053	  0.00402620
SAR0545	  0.00134869	  0.00254089
SAR0546	  0.00341822	  0.01699843
SAR0547	  0.00030984	  0.01766569
SAR0548	  0.00029395	  0.02304574
SAR0549	  0.00069142	  0.00307777
SAR0550	  0.00000000	  0.00762378
SAR0551	  0.00000000	  0.00819345
SAR0552	  0.00012130	  0.00969331
SAR0553	  0.00019567	  0.01755893
SAR0554	  0.00035373	  0.00652038
SAR0555	  0.00232148	  0.02959961
SAR0556	  0.00342094	  0.03659660
SAR0557	  0.00278598	  0.02463518
SAR0558	  0.00438039	  0.09856789
SAR0559	  0.00846471	  0.08822526
SAR0560	  0.00173010	  0.02456714
SAR0561	  0.00315621	  0.07886405
SAR0562	  0.00041905	  0.01143494
SAR0563	  0.00199912	  0.01380298
SAR0564	  0.00283740	  0.01885405
SAR0565	  0.00231022	  0.05800499
SAR0566	  0.14772615	  0.19055218
SAR0567	  0.04414232	  0.50877081
SAR0568	  0.01051113	  0.05266504
SAR0569	  0.00466287	  0.05806560
SAR0570	  0.00157693	  0.02692688
SAR0571	  0.00572106	  0.03208325
SAR0572	  0.00577256	  0.04946629
SAR0573	  0.00286148	  0.03557387
SAR0574	  0.00124915	  0.00726468
SAR0575	  0.00438579	  0.04248921
SAR0576	  0.01095600	  0.08771207
SAR0577	  0.00396753	  0.08059283
SAR0578	  0.00611841	  0.00337499
SAR0580	  0.00677952	  0.02640122
SAR0581	  0.00332233	  0.02887484
SAR0582	  0.01183114	  0.00837295
SAR0583	  0.01116523	  0.05811724
SAR0584	  0.00347021	  0.00374966
SAR0585	  0.00035835	  0.02726171
SAR0586	  0.00140473	  0.01737175
SAR0587	  0.00979905	  0.02866000
SAR0588	  0.00030078	  0.01375122
SAR0589	  0.00101143	  0.02130535
SAR0590	  0.00212633	  0.16348929
SAR0591	  0.00094217	  0.03239896
SAR0592	  0.00407964	  0.00000000
SAR0593	  0.00250472	  0.01147908
SAR0594	  0.00183929	  0.01884880
SAR0595	  0.00127177	  0.03505436
SAR0596	  0.00067221	  0.02137278
SAR0597	  0.00219455	  0.03272223
SAR0598	  0.00049730	  0.01659288
SAR0599	  0.00245798	  0.00225770
SAR0600	  0.00842385	  0.05818359
SAR0601	  0.00960283	  0.07070104
SAR0602	  0.00000000	  0.00025124
SAR0607	  0.02834950	  0.07490247
SAR0608	  0.00320890	  0.02859484
SAR0609	  0.00437447	  0.03273487
SAR0610	  0.00306440	  0.01183595
SAR0611	  0.00106860	  0.02647202
SAR0612	  0.00118475	  0.03252700
SAR0613	  0.00051137	  0.02400229
SAR0614	  0.00291168	  0.00894958
SAR0615	  0.00121421	  0.05738862
SAR0618	  0.00289437	  0.02777577
SAR0619	  0.00250429	  0.04182639
SAR0620	  0.00095161	  0.02768658
SAR0621	  0.00330240	  0.01950471
SAR0622	  0.00333932	  0.00971928
SAR0623	  0.00223434	  0.02414670
SAR0624	  0.00415337	  0.02322959
SAR0625	  0.00006587	  0.00000000
SAR0626	  0.00724858	  0.07356270
SAR0627	  0.01431091	  0.13629328
SAR0629	  0.00094897	  0.02615491
SAR0630	  0.00714826	  0.09131988
SAR0633	  0.00708203	  0.13146210
SAR0006	  0.00363710	  0.07041774
SAR0634	  0.00065480	  0.03825821
SAR0635	  0.00428978	  0.08164893
SAR0637	  0.00037352	  0.02823342
SAR0641	  0.00046285	  0.01359634
SAR0642	  0.00053378	  0.00806864
SAR0643	  0.00088421	  0.01011447
SAR0644	  0.00000000	  0.04297503
SAR0645	  0.00132435	  0.01933314
SAR0646	  0.00267370	  0.02539433
SAR0647	  0.00101429	  0.02721412
SAR0648	  0.00072100	  0.01200670
SAR0649	  0.00637104	  0.03139228
SAR0650	  0.00723930	  0.03515187
SAR0651	  0.00012445	  0.00655197
SAR0652	  0.00268926	  0.02568696
SAR0653	  0.00034540	  0.02694708
SAR0655	  0.00086084	  0.02451789
SAR0656	  0.00131306	  0.02121376
SAR0657	  0.00021494	  0.02690603
SAR0658	  0.00397031	  0.02635717
SAR0659	  0.00598204	  0.02292750
SAR0660	  0.00895501	  0.06357953
SAR0661	  0.00569380	  0.06336579
SAR0662	  0.01181564	  0.04121253
SAR0663	  0.00004937	  0.00841381
SAR0664	  0.00280978	  0.06497537
SAR0665	  0.00640206	  0.05800803
SAR0666	  0.00840780	  0.03529086
SAR0667	  0.00050385	  0.02824044
SAR0668	  0.00335640	  0.02717350
SAR0669	  0.00462211	  0.14321662
SAR0670	  0.00483846	  0.08000611
SAR0671	  0.00032837	  0.01802508
SAR0672	  0.00351708	  0.02271900
SAR0673	  0.00003898	  0.04087328
SAR0674	  0.00055154	  0.03333397
SAR0675	  0.00155115	  0.01886726
SAR0676	  0.00282770	  0.03352805
SAR0679	  0.00416067	  0.00885813
SAR0680	  0.00156495	  0.06982951
SAR0681	  0.01231980	  0.07261805
SAR0682	  0.00246406	  0.04145305
SAR0683	  0.00203167	  0.05700971
SAR0684	  0.00153728	  0.02707773
SAR0698	  0.19925104	  0.22322702
SAR0722	  0.18252667	  0.20280137
SAR0728	  0.00120886	  0.03401072
SAR0729	  0.00577643	  0.01685134
SAR0730	  0.00652231	  0.06098893
SAR0731	  0.00245048	  0.03551198
SAR0732	  0.00522315	  0.01610909
SAR0733	  0.00117983	  0.04018054
SAR0734	  0.00491801	  0.01034800
SAR0735	  0.00294069	  0.01494720
SAR0736	  0.00402096	  0.05812746
SAR0737	  0.00467228	  0.01675395
SAR0738	  0.00418287	  0.03031506
SAR0739	  0.00000000	  0.00734331
SAR0740	  0.00779087	  0.02414317
SAR0741	  0.00194745	  0.01711410
SAR0742	  0.00329159	  0.00837919
SAR0743	  0.00425551	  0.04258684
SAR0744	  0.00685184	  0.04016236
SAR0747	  0.00802059	  0.04191823
SAR0748	  0.00068553	  0.01398779
SAR0749	  0.00145105	  0.02667826
SAR0750	  0.00738163	  0.04765175
SAR0751	  0.00152437	  0.02937571
SAR0752	  0.00352284	  0.03549741
SAR0007	  0.00037255	  0.05657626
SAR0753	  0.00399998	  0.04527734
SAR0754	  0.00645332	  0.05027310
SAR0755	  0.00170634	  0.03875152
SAR0756	  0.00319001	  0.01844912
SAR0757	  0.00189662	  0.04216490
SAR0758	  0.00116013	  0.00910572
SAR0759	  0.00003621	  0.00913770
SAR0760	  0.00085054	  0.01724234
SAR0761	  0.01329658	  0.01490737
SAR0762	  0.00268940	  0.01702682
SAR0763	  0.00195339	  0.02099372
SAR0764	  0.00071160	  0.02639951
SAR0765	  0.00056451	  0.01622144
SAR0766	  0.00308208	  0.02206674
SAR0767	  0.00365054	  0.02552918
SAR0768	  0.00836602	  0.01579575
SAR0769	  0.00717303	  0.03403740
SAR0770	  0.00080416	  0.01970420
SAR0771	  0.00120861	  0.03373173
SAR0772	  0.00010147	  0.01919707
SAR0773	  0.00202800	  0.02649762
SAR0774	  0.00000000	  0.00000000
SAR0775	  0.00439800	  0.02407675
SAR0776	  0.00161714	  0.03339095
SAR0777	  0.00441533	  0.03757827
SAR0778	  0.00211635	  0.03449367
SAR0779	  0.05699452	  0.05656321
SAR0780	  0.00452519	  0.04070255
SAR0781	  0.00067443	  0.05214159
SAR0782	  0.00237711	  0.10231709
SAR0783	  0.00456586	  0.10816665
SAR0784	  0.00018413	  0.00653385
SAR0785	  0.00033855	  0.05713905
SAR0786	  0.00088460	  0.09610602
SAR0787	  0.00611255	  0.22497066
SAR0788	  0.00824961	  0.13920045
SAR0789	  0.00944107	  0.17954149
SAR0790	  0.00731555	  0.14517467
SAR0791	  0.00131191	  0.06936105
SAR0792	  0.00197523	  0.03796265
SAR0793	  0.00805882	  0.06180642
SAR0794	  0.00177470	  0.01357291
SAR0795	  0.00052373	  0.01177585
SAR0796	  0.00161567	  0.02359674
SAR0797	  0.00270100	  0.02864321
SAR0798	  0.00107875	  0.01947046
SAR0799	  0.00000000	  0.02886650
SAR0800	  0.00028581	  0.03018827
SAR0801	  0.00063638	  0.04135775
SAR0802	  0.00174631	  0.02596480
SAR0803	  0.00246271	  0.03479944
SAR0804	  0.00813048	  0.03913360
SAR0805	  0.00505828	  0.01371626
SAR0806	  0.01088576	  0.00819998
SAR0807	  0.00056172	  0.03614759
SAR0809	  0.00554905	  0.02234996
SAR0810	  0.00068731	  0.02003790
SAR0811	  0.00095090	  0.02693865
SAR0812	  0.00115123	  0.05097910
SAR0813	  0.00077534	  0.03875680
SAR0814	  0.00002721	  0.04066983
SAR0815	  0.00371667	  0.02316981
SAR0816	  0.00802247	  0.01905382
SAR0817	  0.00201878	  0.02500625
SAR0818	  0.00064409	  0.02898403
SAR0820	  0.00076895	  0.03175478
SAR0821	  0.00029821	  0.02783216
SAR0822	  0.00005238	  0.02169410
SAR0823	  0.00021116	  0.03227407
SAR0825	  0.00255884	  0.01121035
SAR0826	  0.00272950	  0.01487975
SAR0827	  0.00063607	  0.01283841
SAR0828	  0.00007617	  0.00851679
SAR0829	  0.00052329	  0.01967131
SAR0830	  0.00202867	  0.01820182
SAR0831	  0.00051171	  0.04091043
SAR0832	  0.00019410	  0.00973588
SAR0833	  0.00136277	  0.02645073
SAR0834	  0.00042247	  0.00248461
SAR0835	  0.01034708	  0.18410065
SAR0836	  0.00576406	  0.13434143
SAR0837	  0.00244744	  0.06727608
SAR0842	  0.04238796	  0.57298820
SAR0845	  0.03664286	  0.12574713
SAR0846	  0.03793407	  0.12077429
SAR0847	  0.00544935	  0.02685304
SAR0848	  0.00024261	  0.00049158
SAR0849	  0.01248262	  0.03962952
SAR0850	  0.00386882	  0.01804320
SAR0851	  0.00483951	  0.02726401
SAR0852	  0.00883591	  0.00099052
SAR0853	  0.00020119	  0.01173168
SAR0854	  0.00307865	  0.00619083
SAR0855	  0.00076933	  0.01224707
SAR0008	  0.00295428	  0.02840916
SAR0856	  0.00257918	  0.02778080
SAR0857	  0.00552809	  0.01254415
SAR0858	  0.00094030	  0.00582899
SAR0859	  0.00242995	  0.01287443
SAR0860	  0.00776763	  0.02408132
SAR0861	  0.00067178	  0.01162832
SAR0862	  0.00544577	  0.04880641
SAR0863	  0.00134541	  0.02571557
SAR0864	  0.00520531	  0.02689107
SAR0865	  0.00996339	  0.02528095
SAR0867	  0.00411835	  0.02263890
SAR0868	  0.00583817	  0.03461975
SAR0870	  0.00352076	  0.02073866
SAR0871	  0.00032684	  0.05936674
SAR0872	  0.00393207	  0.06072466
SAR0874	  0.00025085	  0.02292087
SAR0875	  0.00308931	  0.03334514
SAR0876	  0.00016223	  0.02005371
SAR0877	  0.00065135	  0.02071044
SAR0878	  0.00128268	  0.02696754
SAR0879	  0.00050255	  0.00731680
SAR0880	  0.00021755	  0.02226822
SAR0881	  0.00593769	  0.04512335
SAR0882	  0.00108660	  0.02874121
SAR0883	  0.00734663	  0.03858965
SAR0884	  0.00125747	  0.02579370
SAR0885	  0.00253185	  0.09089427
SAR0886	  0.00541637	  0.02696123
SAR0887	  0.00010849	  0.01599906
SAR0888	  0.00071789	  0.01660051
SAR0889	  0.00196916	  0.03588011
SAR0890	  0.00552694	  0.01416739
SAR0891	  0.00095539	  0.04397520
SAR0892	  0.00450291	  0.03181194
SAR0893	  0.00048882	  0.00059415
SAR0894	  0.00221045	  0.01781905
SAR0895	  0.00043128	  0.00881647
SAR0896	  0.00000000	  0.00862261
SAR0897	  0.00087099	  0.01812911
SAR0898	  0.00082703	  0.01423628
SAR0899	  0.00309198	  0.00652067
SAR0900	  0.00004799	  0.02632002
SAR0901	  0.00010640	  0.00818052
SAR0902	  0.00230737	  0.03246009
SAR0903	  0.00022593	  0.00918695
SAR0904	  0.00385874	  0.02962374
SAR0905	  0.00096825	  0.03140838
SAR0906	  0.00367069	  0.04710359
SAR0907	  0.00407552	  0.02414588
SAR0908	  0.00029217	  0.02660229
SAR0909	  0.00017186	  0.01303653
SAR0910	  0.00051547	  0.03642124
SAR0911	  0.00095535	  0.03492339
SAR0912	  0.00022263	  0.01787091
SAR0913	  0.00017596	  0.01343263
SAR0914	  0.00156131	  0.01704856
SAR0915	  0.00181863	  0.01779196
SAR0916	  0.00038073	  0.03528445
SAR0917	  0.00074351	  0.00566246
SAR0918	  0.00681387	  0.03249301
SAR0099	  0.00575928	  0.07710914
SAR0919	  0.00101971	  0.02281498
SAR0920	  0.00004054	  0.01852333
SAR0921	  0.00259859	  0.02893660
SAR0922	  0.00106895	  0.02635406
SAR0923	  0.00238925	  0.02952793
SAR0924	  0.00118302	  0.02293806
SAR0925	  0.00381307	  0.04326498
SAR0926	  0.00402585	  0.02531282
SAR0927	  0.00281260	  0.05533471
SAR0928	  0.00284841	  0.03326295
SAR0100	  0.01436552	  0.05770863
SAR0929	  0.00336002	  0.03144001
SAR0930	  0.00144498	  0.01381123
SAR0931	  0.01001603	  0.08236584
SAR0932	  0.19933360	  0.22341534
SAR0933	  0.00289040	  0.03041707
SAR0934	  0.00078326	  0.03698754
SAR0935	  0.00000000	  0.00966794
SAR0936	  0.07170601	  0.02150912
SAR0937	  0.00186741	  0.01888453
SAR0938	  0.00067136	  0.01996724
SAR0101	  0.03137471	  0.08615506
SAR0939	  0.00556913	  0.02519027
SAR0943	  0.01427847	  0.13145905
SAR0944	  0.00573715	  0.04472607
SAR0945	  0.00337527	  0.01478309
SAR0946	  0.00102547	  0.01515559
SAR0947	  0.00137321	  0.02832238
SAR0948	  0.00393609	  0.03144810
SAR0949	  0.00156949	  0.07620329
SAR0950	  0.00225655	  0.01742219
SAR0951	  0.00401120	  0.05568608
SAR0952	  0.01474291	  0.17296442
SAR0953	  0.01602234	  0.16059686
SAR0009	  0.00105408	  0.01272264
SAR0963	  0.18209572	  0.19474492
SAR0964	  0.00171186	  0.11847442
SAR0965	  0.00058877	  0.00000000
SAR0966	  0.00090198	  0.01633378
SAR0967	  0.00951962	  0.01888948
SAR0968	  0.00059440	  0.02288407
SAR0969	  0.00089247	  0.01614102
SAR0970	  0.00479209	  0.01504042
SAR0971	  0.00333017	  0.02969643
SAR0104	  0.01473805	  0.02866230
SAR0972	  0.00136366	  0.01144497
SAR0973	  0.00003877	  0.02052436
SAR0974	  0.00006191	  0.01673298
SAR0975	  0.00328420	  0.03063002
SAR0976	  0.00114745	  0.03924072
SAR0977	  0.00098258	  0.01942163
SAR0978	  0.00045072	  0.03768319
SAR0979	  0.00058703	  0.01690205
SAR0980	  0.00041422	  0.01050222
SAR0981	  0.00401257	  0.01771181
SAR0105	  0.00849597	  0.09465857
SAR0985	  0.00139119	  0.00975733
SAR0986	  0.00075412	  0.01625612
SAR0987	  0.00153888	  0.02718786
SAR0988	  0.00304888	  0.02106742
SAR0989	  0.01176220	  0.00637134
SAR0990	  0.00087971	  0.02176912
SAR0991	  0.00057648	  0.02557145
SAR0992	  0.00847063	  0.02461983
SAR0993	  0.00078583	  0.01990704
SAR0994	  0.00027541	  0.00164685
SAR0995	  0.00021340	  0.01396680
SAR0996	  0.00240462	  0.01077809
SAR0997	  0.00137453	  0.02764708
SAR0998	  0.00000000	  0.00000000
SAR0999	  0.00147061	  0.01731053
SAR1000	  0.01005624	  0.00665769
SAR1002	  0.00791534	  0.02569043
SAR1003	  0.00735884	  0.04886260
SAR0107	  0.00801732	  0.07357388
SAR1004	  0.00707381	  0.02342514
SAR1005	  0.01315990	  0.05519150
SAR1010	  0.00000000	  0.06427611
SAR1011	  0.00747119	  0.08154353
SAR1012	  0.01663873	  0.03666560
SAR1013	  0.00514659	  0.05271842
SAR1014	  0.00788993	  0.03300411
SAR1015	  0.00113065	  0.02294192
SAR0108	  0.00375450	  0.02468085
SAR1016	  0.00291308	  0.02811656
SAR1017	  0.00384281	  0.05178730
SAR1018	  0.01106900	  0.03072317
SAR1019	  0.00048854	  0.02861763
SAR1020	  0.00248084	  0.02988716
SAR1021	  0.00736506	  0.05386336
SAR1022	  0.03000224	  0.30169362
SAR1023	  0.00263469	  0.02980526
SAR1025	  0.00053882	  0.02404828
SAR1026	  0.00569851	  0.05530867
SAR0109	  0.00378601	  0.05825481
SAR1027	  0.01263150	  0.09172234
SAR1028	  0.00282215	  0.08823639
SAR1029	  0.01045290	  0.14098304
SAR1030	  0.00492444	  0.07057553
SAR1031	  0.00228095	  0.02280959
SAR1032	  0.00037749	  0.00932771
SAR1033	  0.00025735	  0.01098217
SAR1034	  0.00006769	  0.00918130
SAR1035	  0.00008046	  0.00000000
SAR1037	  0.00301052	  0.03253126
SAR0110	  0.00080296	  0.03254517
SAR1038	  0.00425182	  0.01650687
SAR1039	  0.00466425	  0.01993388
SAR1040	  0.00992013	  0.08274861
SAR1041	  0.00240992	  0.01733317
SAR1042	  0.00319387	  0.02694382
SAR1043	  0.00475190	  0.04941387
SAR1044	  0.00275111	  0.09196762
SAR1045	  0.00326737	  0.04465723
SAR1046	  0.00602688	  0.02454879
SAR1047	  0.00265442	  0.02630493
SAR0111	  0.00699022	  0.08733073
SAR1048	  0.00591823	  0.03090716
SAR1049	  0.00334875	  0.03692131
SAR1050	  0.00252115	  0.02221299
SAR1051	  0.00013667	  0.03586024
SAR1053	  0.00110570	  0.04102624
SAR1054	  0.00330547	  0.03431051
SAR1055	  0.00408595	  0.09196158
SAR1056	  0.00018607	  0.04448385
SAR1057	  0.00182277	  0.02781596
SAR0112	  0.00398718	  0.02863078
SAR1058	  0.00688505	  0.03831081
SAR1059	  0.00097228	  0.02441410
SAR1060	  0.00122593	  0.02719545
SAR1061	  0.00031201	  0.02263800
SAR1063	  0.00004444	  0.02336597
SAR1064	  0.00056126	  0.00403931
SAR1065	  0.00057540	  0.05183338
SAR1066	  0.00229252	  0.04922843
SAR1067	  0.00094115	  0.01866058
SAR1068	  0.00027912	  0.01382648
